[2026-06-04T05:52:39.157Z] [Late-Dbg] User 57 Final: LateCount=3, Amt=0, Days=0
[Admin-Bonus] SKIP: User 57, Rule Active=true, RuleMonth=2026-04, TargetMonth=2026-05
[2026-06-04T05:52:39.603Z] [Late-Dbg] User 58 Final: LateCount=0, Amt=0, Days=0
[Admin-Bonus] SKIP: User 58, Rule Active=true, RuleMonth=2026-04, TargetMonth=2026-05
[2026-06-04T05:52:39.749Z] [Late-Dbg] User 59 Final: LateCount=2, Amt=1129.03, Days=1
[2026-06-04T05:52:39.983Z] [Late-Dbg] User 61 Final: LateCount=0, Amt=0, Days=0
[2026-06-04T05:52:40.088Z] [Late-Dbg] User 62 Final: LateCount=0, Amt=0, Days=0
[2026-06-04T05:52:40.199Z] [Late-Dbg] User 63 Final: LateCount=2, Amt=40, Days=0.04
[2026-06-04T05:52:40.290Z] [Late-Dbg] User 64 Final: LateCount=0, Amt=0, Days=0
[2026-06-04T05:52:40.383Z] [Late-Dbg] User 65 Final: LateCount=2, Amt=30, Days=0.03
[2026-06-04T05:52:40.530Z] [Late-Dbg] User 68 Final: LateCount=0, Amt=0, Days=0
[2026-06-04T05:52:40.754Z] [Late-Dbg] User 69 Final: LateCount=5, Amt=0, Days=0
[2026-06-04T05:52:41.279Z] [Late-Dbg] User 70 Final: LateCount=0, Amt=0, Days=0
[2026-06-04T05:52:41.316Z] [Late-Dbg] User 98 Final: LateCount=0, Amt=0, Days=0
[2026-06-04T05:52:41.356Z] [Late-Dbg] User 99 Final: LateCount=0, Amt=0, Days=0
[2026-06-04T05:52:41.403Z] [Late-Dbg] User 100 Final: LateCount=0, Amt=0, Days=0
[2026-06-04T05:52:41.434Z] [Late-Dbg] User 101 Final: LateCount=0, Amt=0, Days=0
[2026-06-04T05:52:41.477Z] [Late-Dbg] User 102 Final: LateCount=0, Amt=0, Days=0
[2026-06-04T05:52:41.521Z] [Late-Dbg] User 103 Final: LateCount=0, Amt=0, Days=0
[2026-06-04T05:52:41.583Z] [Late-Dbg] User 104 Final: LateCount=0, Amt=0, Days=0
[2026-06-04T05:52:41.662Z] [Late-Dbg] User 105 Final: LateCount=0, Amt=0, Days=0
[2026-06-04T05:52:41.726Z] [Late-Dbg] User 106 Final: LateCount=0, Amt=0, Days=0
[2026-06-04T05:52:41.818Z] [Late-Dbg] User 107 Final: LateCount=0, Amt=0, Days=0
[2026-06-04T05:52:41.892Z] [Late-Dbg] User 108 Final: LateCount=0, Amt=0, Days=0
[2026-06-04T05:52:42.048Z] [Late-Dbg] User 109 Final: LateCount=1, Amt=0, Days=0
[2026-06-04T05:52:42.476Z] [Late-Dbg] User 182 Final: LateCount=1, Amt=30, Days=0.03
[2026-06-04T05:52:43.010Z] [Late-Dbg] User 185 Final: LateCount=0, Amt=0, Days=0
[2026-06-04T07:26:02.834Z] [Late-Dbg] User 57 Final: LateCount=8, Amt=0, Days=0
[Admin-Bonus] SKIP: User 57, Rule Active=true, RuleMonth=2026-04, TargetMonth=2026-05
[2026-06-04T07:26:03.090Z] [Late-Dbg] User 58 Final: LateCount=0, Amt=0, Days=0
[Admin-Bonus] SKIP: User 58, Rule Active=true, RuleMonth=2026-04, TargetMonth=2026-05
[2026-06-04T07:26:03.171Z] [Late-Dbg] User 59 Final: LateCount=2, Amt=1129.03, Days=1
[2026-06-04T07:26:03.320Z] [Late-Dbg] User 61 Final: LateCount=0, Amt=0, Days=0
[2026-06-04T07:26:03.400Z] [Late-Dbg] User 62 Final: LateCount=0, Amt=0, Days=0
[2026-06-04T07:26:03.457Z] [Late-Dbg] User 63 Final: LateCount=2, Amt=40, Days=0.04
[2026-06-04T07:26:03.514Z] [Late-Dbg] User 64 Final: LateCount=0, Amt=0, Days=0
[2026-06-04T07:26:03.555Z] [Late-Dbg] User 65 Final: LateCount=2, Amt=30, Days=0.03
[2026-06-04T07:26:03.635Z] [Late-Dbg] User 68 Final: LateCount=0, Amt=0, Days=0
[2026-06-04T07:26:03.745Z] [Late-Dbg] User 69 Final: LateCount=5, Amt=0, Days=0
[2026-06-04T07:26:04.013Z] [Late-Dbg] User 70 Final: LateCount=0, Amt=0, Days=0
[2026-06-04T07:26:04.033Z] [Late-Dbg] User 98 Final: LateCount=0, Amt=0, Days=0
[2026-06-04T07:26:04.053Z] [Late-Dbg] User 99 Final: LateCount=0, Amt=0, Days=0
[2026-06-04T07:26:04.073Z] [Late-Dbg] User 100 Final: LateCount=0, Amt=0, Days=0
[2026-06-04T07:26:04.098Z] [Late-Dbg] User 101 Final: LateCount=0, Amt=0, Days=0
[2026-06-04T07:26:04.118Z] [Late-Dbg] User 102 Final: LateCount=0, Amt=0, Days=0
[2026-06-04T07:26:04.138Z] [Late-Dbg] User 103 Final: LateCount=0, Amt=0, Days=0
[2026-06-04T07:26:04.168Z] [Late-Dbg] User 104 Final: LateCount=0, Amt=0, Days=0
[2026-06-04T07:26:04.203Z] [Late-Dbg] User 105 Final: LateCount=0, Amt=0, Days=0
[2026-06-04T07:26:04.233Z] [Late-Dbg] User 106 Final: LateCount=0, Amt=0, Days=0
[2026-06-04T07:26:04.273Z] [Late-Dbg] User 107 Final: LateCount=0, Amt=0, Days=0
[2026-06-04T07:26:04.313Z] [Late-Dbg] User 108 Final: LateCount=0, Amt=0, Days=0
[2026-06-04T07:26:04.381Z] [Late-Dbg] User 109 Final: LateCount=1, Amt=0, Days=0
[2026-06-04T07:26:04.542Z] [Late-Dbg] User 182 Final: LateCount=1, Amt=30, Days=0.03
[2026-06-04T07:26:04.857Z] [Late-Dbg] User 185 Final: LateCount=0, Amt=0, Days=0
[2026-06-04T07:27:08.005Z] [Late-Dbg] User 57 Final: LateCount=8, Amt=0, Days=0
[Admin-Bonus] SKIP: User 57, Rule Active=true, RuleMonth=2026-04, TargetMonth=2026-05
[2026-06-04T07:27:08.235Z] [Late-Dbg] User 58 Final: LateCount=0, Amt=0, Days=0
[Admin-Bonus] SKIP: User 58, Rule Active=true, RuleMonth=2026-04, TargetMonth=2026-05
[2026-06-04T07:27:08.315Z] [Late-Dbg] User 59 Final: LateCount=2, Amt=1129.03, Days=1
[2026-06-04T07:27:08.440Z] [Late-Dbg] User 61 Final: LateCount=0, Amt=0, Days=0
[2026-06-04T07:27:08.487Z] [Late-Dbg] User 62 Final: LateCount=0, Amt=0, Days=0
[2026-06-04T07:27:08.536Z] [Late-Dbg] User 63 Final: LateCount=2, Amt=40, Days=0.04
[2026-06-04T07:27:08.583Z] [Late-Dbg] User 64 Final: LateCount=0, Amt=0, Days=0
[2026-06-04T07:27:08.621Z] [Late-Dbg] User 65 Final: LateCount=2, Amt=30, Days=0.03
[2026-06-04T07:27:08.686Z] [Late-Dbg] User 68 Final: LateCount=0, Amt=0, Days=0
[2026-06-04T07:27:08.795Z] [Late-Dbg] User 69 Final: LateCount=5, Amt=0, Days=0
[2026-06-04T07:27:09.057Z] [Late-Dbg] User 70 Final: LateCount=0, Amt=0, Days=0
[2026-06-04T07:27:09.077Z] [Late-Dbg] User 98 Final: LateCount=0, Amt=0, Days=0
[2026-06-04T07:27:09.097Z] [Late-Dbg] User 99 Final: LateCount=0, Amt=0, Days=0
[2026-06-04T07:27:09.116Z] [Late-Dbg] User 100 Final: LateCount=0, Amt=0, Days=0
[2026-06-04T07:27:09.136Z] [Late-Dbg] User 101 Final: LateCount=0, Amt=0, Days=0
[2026-06-04T07:27:09.156Z] [Late-Dbg] User 102 Final: LateCount=0, Amt=0, Days=0
[2026-06-04T07:27:09.180Z] [Late-Dbg] User 103 Final: LateCount=0, Amt=0, Days=0
[2026-06-04T07:27:09.209Z] [Late-Dbg] User 104 Final: LateCount=0, Amt=0, Days=0
[2026-06-04T07:27:09.249Z] [Late-Dbg] User 105 Final: LateCount=0, Amt=0, Days=0
[2026-06-04T07:27:09.277Z] [Late-Dbg] User 106 Final: LateCount=0, Amt=0, Days=0
[2026-06-04T07:27:09.320Z] [Late-Dbg] User 107 Final: LateCount=0, Amt=0, Days=0
[2026-06-04T07:27:09.356Z] [Late-Dbg] User 108 Final: LateCount=0, Amt=0, Days=0
[2026-06-04T07:27:09.429Z] [Late-Dbg] User 109 Final: LateCount=1, Amt=0, Days=0
[2026-06-04T07:27:09.581Z] [Late-Dbg] User 182 Final: LateCount=1, Amt=30, Days=0.03
[2026-06-04T07:27:09.886Z] [Late-Dbg] User 185 Final: LateCount=0, Amt=0, Days=0
[2026-06-04T07:29:47.772Z] [Late-Dbg] User 57 Final: LateCount=8, Amt=0, Days=0
[Admin-Bonus] SKIP: User 57, Rule Active=true, RuleMonth=2026-04, TargetMonth=2026-05
[2026-06-04T07:29:48.019Z] [Late-Dbg] User 58 Final: LateCount=0, Amt=0, Days=0
[Admin-Bonus] SKIP: User 58, Rule Active=true, RuleMonth=2026-04, TargetMonth=2026-05
[2026-06-04T07:29:48.089Z] [Late-Dbg] User 59 Final: LateCount=2, Amt=1129.03, Days=1
[2026-06-04T07:29:48.200Z] [Late-Dbg] User 61 Final: LateCount=0, Amt=0, Days=0
[2026-06-04T07:29:48.246Z] [Late-Dbg] User 62 Final: LateCount=0, Amt=0, Days=0
[2026-06-04T07:29:48.363Z] [Late-Dbg] User 63 Final: LateCount=2, Amt=40, Days=0.04
[2026-06-04T07:29:48.412Z] [Late-Dbg] User 64 Final: LateCount=0, Amt=0, Days=0
[2026-06-04T07:29:48.450Z] [Late-Dbg] User 65 Final: LateCount=2, Amt=30, Days=0.03
[2026-06-04T07:29:48.519Z] [Late-Dbg] User 68 Final: LateCount=0, Amt=0, Days=0
[2026-06-04T07:29:48.623Z] [Late-Dbg] User 69 Final: LateCount=5, Amt=0, Days=0
[2026-06-04T07:29:48.893Z] [Late-Dbg] User 70 Final: LateCount=0, Amt=0, Days=0
[2026-06-04T07:29:48.911Z] [Late-Dbg] User 98 Final: LateCount=0, Amt=0, Days=0
[2026-06-04T07:29:48.929Z] [Late-Dbg] User 99 Final: LateCount=0, Amt=0, Days=0
[2026-06-04T07:29:48.947Z] [Late-Dbg] User 100 Final: LateCount=0, Amt=0, Days=0
[2026-06-04T07:29:48.966Z] [Late-Dbg] User 101 Final: LateCount=0, Amt=0, Days=0
[2026-06-04T07:29:48.986Z] [Late-Dbg] User 102 Final: LateCount=0, Amt=0, Days=0
[2026-06-04T07:29:49.010Z] [Late-Dbg] User 103 Final: LateCount=0, Amt=0, Days=0
[2026-06-04T07:29:49.036Z] [Late-Dbg] User 104 Final: LateCount=0, Amt=0, Days=0
[2026-06-04T07:29:49.073Z] [Late-Dbg] User 105 Final: LateCount=0, Amt=0, Days=0
[2026-06-04T07:29:49.100Z] [Late-Dbg] User 106 Final: LateCount=0, Amt=0, Days=0
[2026-06-04T07:29:49.143Z] [Late-Dbg] User 107 Final: LateCount=0, Amt=0, Days=0
[2026-06-04T07:29:49.176Z] [Late-Dbg] User 108 Final: LateCount=0, Amt=0, Days=0
[2026-06-04T07:29:49.244Z] [Late-Dbg] User 109 Final: LateCount=1, Amt=0, Days=0
[2026-06-04T07:29:49.389Z] [Late-Dbg] User 182 Final: LateCount=1, Amt=30, Days=0.03
[2026-06-04T07:29:49.635Z] [Late-Dbg] User 185 Final: LateCount=0, Amt=0, Days=0
[2026-06-04T07:30:16.881Z] [Late-Dbg] User 57 Final: LateCount=8, Amt=0, Days=0
[Admin-Bonus] SKIP: User 57, Rule Active=true, RuleMonth=2026-04, TargetMonth=2026-05
[2026-06-04T07:30:17.102Z] [Late-Dbg] User 58 Final: LateCount=0, Amt=0, Days=0
[Admin-Bonus] SKIP: User 58, Rule Active=true, RuleMonth=2026-04, TargetMonth=2026-05
[2026-06-04T07:30:17.170Z] [Late-Dbg] User 59 Final: LateCount=2, Amt=1129.03, Days=1
[2026-06-04T07:30:17.286Z] [Late-Dbg] User 61 Final: LateCount=0, Amt=0, Days=0
[2026-06-04T07:30:17.331Z] [Late-Dbg] User 62 Final: LateCount=0, Amt=0, Days=0
[2026-06-04T07:30:17.375Z] [Late-Dbg] User 63 Final: LateCount=2, Amt=40, Days=0.04
[2026-06-04T07:30:17.418Z] [Late-Dbg] User 64 Final: LateCount=0, Amt=0, Days=0
[2026-06-04T07:30:17.459Z] [Late-Dbg] User 65 Final: LateCount=2, Amt=30, Days=0.03
[2026-06-04T07:30:17.518Z] [Late-Dbg] User 68 Final: LateCount=0, Amt=0, Days=0
[2026-06-04T07:30:17.616Z] [Late-Dbg] User 69 Final: LateCount=5, Amt=0, Days=0
[2026-06-04T07:30:17.883Z] [Late-Dbg] User 70 Final: LateCount=0, Amt=0, Days=0
[2026-06-04T07:30:17.902Z] [Late-Dbg] User 98 Final: LateCount=0, Amt=0, Days=0
[2026-06-04T07:30:17.921Z] [Late-Dbg] User 99 Final: LateCount=0, Amt=0, Days=0
[2026-06-04T07:30:17.942Z] [Late-Dbg] User 100 Final: LateCount=0, Amt=0, Days=0
[2026-06-04T07:30:17.962Z] [Late-Dbg] User 101 Final: LateCount=0, Amt=0, Days=0
[2026-06-04T07:30:17.980Z] [Late-Dbg] User 102 Final: LateCount=0, Amt=0, Days=0
[2026-06-04T07:30:17.999Z] [Late-Dbg] User 103 Final: LateCount=0, Amt=0, Days=0
[2026-06-04T07:30:18.030Z] [Late-Dbg] User 104 Final: LateCount=0, Amt=0, Days=0
[2026-06-04T07:30:18.067Z] [Late-Dbg] User 105 Final: LateCount=0, Amt=0, Days=0
[2026-06-04T07:30:18.098Z] [Late-Dbg] User 106 Final: LateCount=0, Amt=0, Days=0
[2026-06-04T07:30:18.147Z] [Late-Dbg] User 107 Final: LateCount=0, Amt=0, Days=0
[2026-06-04T07:30:18.181Z] [Late-Dbg] User 108 Final: LateCount=0, Amt=0, Days=0
[2026-06-04T07:30:18.251Z] [Late-Dbg] User 109 Final: LateCount=1, Amt=0, Days=0
[2026-06-04T07:30:18.489Z] [Late-Dbg] User 182 Final: LateCount=1, Amt=30, Days=0.03
[2026-06-04T07:30:18.730Z] [Late-Dbg] User 185 Final: LateCount=0, Amt=0, Days=0
[2026-06-04T07:35:24.539Z] [Late-Dbg] User 57 Final: LateCount=8, Amt=0, Days=0
[Admin-Bonus] SKIP: User 57, Rule Active=true, RuleMonth=2026-04, TargetMonth=2026-05
[2026-06-04T07:35:24.779Z] [Late-Dbg] User 58 Final: LateCount=0, Amt=0, Days=0
[Admin-Bonus] SKIP: User 58, Rule Active=true, RuleMonth=2026-04, TargetMonth=2026-05
[2026-06-04T07:35:24.877Z] [Late-Dbg] User 59 Final: LateCount=2, Amt=1129.03, Days=1
[2026-06-04T07:35:25.038Z] [Late-Dbg] User 61 Final: LateCount=0, Amt=0, Days=0
[2026-06-04T07:35:25.097Z] [Late-Dbg] User 62 Final: LateCount=0, Amt=0, Days=0
[2026-06-04T07:35:25.162Z] [Late-Dbg] User 63 Final: LateCount=2, Amt=40, Days=0.04
[2026-06-04T07:35:25.225Z] [Late-Dbg] User 64 Final: LateCount=0, Amt=0, Days=0
[2026-06-04T07:35:25.277Z] [Late-Dbg] User 65 Final: LateCount=2, Amt=30, Days=0.03
[2026-06-04T07:35:25.354Z] [Late-Dbg] User 68 Final: LateCount=0, Amt=0, Days=0
[2026-06-04T07:35:25.488Z] [Late-Dbg] User 69 Final: LateCount=5, Amt=0, Days=0
[2026-06-04T07:35:25.845Z] [Late-Dbg] User 70 Final: LateCount=0, Amt=0, Days=0
[2026-06-04T07:35:25.867Z] [Late-Dbg] User 98 Final: LateCount=0, Amt=0, Days=0
[2026-06-04T07:35:25.886Z] [Late-Dbg] User 99 Final: LateCount=0, Amt=0, Days=0
[2026-06-04T07:35:25.903Z] [Late-Dbg] User 100 Final: LateCount=0, Amt=0, Days=0
[2026-06-04T07:35:25.922Z] [Late-Dbg] User 101 Final: LateCount=0, Amt=0, Days=0
[2026-06-04T07:35:25.941Z] [Late-Dbg] User 102 Final: LateCount=0, Amt=0, Days=0
[2026-06-04T07:35:25.963Z] [Late-Dbg] User 103 Final: LateCount=0, Amt=0, Days=0
[2026-06-04T07:35:25.990Z] [Late-Dbg] User 104 Final: LateCount=0, Amt=0, Days=0
[2026-06-04T07:35:26.029Z] [Late-Dbg] User 105 Final: LateCount=0, Amt=0, Days=0
[2026-06-04T07:35:26.055Z] [Late-Dbg] User 106 Final: LateCount=0, Amt=0, Days=0
[2026-06-04T07:35:26.097Z] [Late-Dbg] User 107 Final: LateCount=0, Amt=0, Days=0
[2026-06-04T07:35:26.133Z] [Late-Dbg] User 108 Final: LateCount=0, Amt=0, Days=0
[2026-06-04T07:35:26.255Z] [Late-Dbg] User 109 Final: LateCount=1, Amt=0, Days=0
[2026-06-04T07:35:26.415Z] [Late-Dbg] User 182 Final: LateCount=1, Amt=30, Days=0.03
[2026-06-04T07:35:26.663Z] [Late-Dbg] User 185 Final: LateCount=0, Amt=0, Days=0
[2026-06-04T07:38:09.958Z] [Late-Dbg] User 57 Final: LateCount=8, Amt=0, Days=0
[Admin-Bonus] SKIP: User 57, Rule Active=true, RuleMonth=2026-04, TargetMonth=2026-05
[2026-06-04T07:38:10.257Z] [Late-Dbg] User 58 Final: LateCount=0, Amt=0, Days=0
[Admin-Bonus] SKIP: User 58, Rule Active=true, RuleMonth=2026-04, TargetMonth=2026-05
[2026-06-04T07:38:10.331Z] [Late-Dbg] User 59 Final: LateCount=2, Amt=1166.67, Days=1
[2026-06-04T07:38:10.449Z] [Late-Dbg] User 61 Final: LateCount=0, Amt=0, Days=0
[2026-06-04T07:38:10.491Z] [Late-Dbg] User 62 Final: LateCount=0, Amt=0, Days=0
[2026-06-04T07:38:10.545Z] [Late-Dbg] User 63 Final: LateCount=2, Amt=40, Days=0.04
[2026-06-04T07:38:10.592Z] [Late-Dbg] User 64 Final: LateCount=0, Amt=0, Days=0
[2026-06-04T07:38:10.635Z] [Late-Dbg] User 65 Final: LateCount=2, Amt=30, Days=0.03
[2026-06-04T07:38:10.704Z] [Late-Dbg] User 68 Final: LateCount=0, Amt=0, Days=0
[2026-06-04T07:38:10.823Z] [Late-Dbg] User 69 Final: LateCount=5, Amt=0, Days=0
[2026-06-04T07:38:11.103Z] [Late-Dbg] User 70 Final: LateCount=0, Amt=0, Days=0
[2026-06-04T07:38:11.125Z] [Late-Dbg] User 98 Final: LateCount=0, Amt=0, Days=0
[2026-06-04T07:38:11.150Z] [Late-Dbg] User 99 Final: LateCount=0, Amt=0, Days=0
[2026-06-04T07:38:11.170Z] [Late-Dbg] User 100 Final: LateCount=0, Amt=0, Days=0
[2026-06-04T07:38:11.189Z] [Late-Dbg] User 101 Final: LateCount=0, Amt=0, Days=0
[2026-06-04T07:38:11.211Z] [Late-Dbg] User 102 Final: LateCount=0, Amt=0, Days=0
[2026-06-04T07:38:11.233Z] [Late-Dbg] User 103 Final: LateCount=0, Amt=0, Days=0
[2026-06-04T07:38:11.263Z] [Late-Dbg] User 104 Final: LateCount=0, Amt=0, Days=0
[2026-06-04T07:38:11.305Z] [Late-Dbg] User 105 Final: LateCount=0, Amt=0, Days=0
[2026-06-04T07:38:11.335Z] [Late-Dbg] User 106 Final: LateCount=0, Amt=0, Days=0
[2026-06-04T07:38:11.378Z] [Late-Dbg] User 107 Final: LateCount=0, Amt=0, Days=0
[2026-06-04T07:38:11.415Z] [Late-Dbg] User 108 Final: LateCount=0, Amt=0, Days=0
[2026-06-04T07:38:11.486Z] [Late-Dbg] User 109 Final: LateCount=1, Amt=0, Days=0
[2026-06-04T07:38:11.642Z] [Late-Dbg] User 182 Final: LateCount=1, Amt=30, Days=0.03
[2026-06-04T07:38:11.900Z] [Late-Dbg] User 185 Final: LateCount=0, Amt=0, Days=0
[2026-06-04T07:39:33.222Z] [Late-Dbg] User 57 Final: LateCount=8, Amt=0, Days=0
[Admin-Bonus] SKIP: User 57, Rule Active=true, RuleMonth=2026-04, TargetMonth=2026-05
[2026-06-04T07:39:33.539Z] [Late-Dbg] User 58 Final: LateCount=0, Amt=0, Days=0
[Admin-Bonus] SKIP: User 58, Rule Active=true, RuleMonth=2026-04, TargetMonth=2026-05
[2026-06-04T07:39:33.611Z] [Late-Dbg] User 59 Final: LateCount=2, Amt=1129.03, Days=1
[2026-06-04T07:39:33.727Z] [Late-Dbg] User 61 Final: LateCount=0, Amt=0, Days=0
[2026-06-04T07:39:33.773Z] [Late-Dbg] User 62 Final: LateCount=0, Amt=0, Days=0
[2026-06-04T07:39:33.832Z] [Late-Dbg] User 63 Final: LateCount=2, Amt=40, Days=0.04
[2026-06-04T07:39:33.881Z] [Late-Dbg] User 64 Final: LateCount=0, Amt=0, Days=0
[2026-06-04T07:39:33.919Z] [Late-Dbg] User 65 Final: LateCount=2, Amt=30, Days=0.03
[2026-06-04T07:39:34.000Z] [Late-Dbg] User 68 Final: LateCount=0, Amt=0, Days=0
[2026-06-04T07:39:34.104Z] [Late-Dbg] User 69 Final: LateCount=5, Amt=0, Days=0
[2026-06-04T07:39:34.383Z] [Late-Dbg] User 70 Final: LateCount=0, Amt=0, Days=0
[2026-06-04T07:39:34.402Z] [Late-Dbg] User 98 Final: LateCount=0, Amt=0, Days=0
[2026-06-04T07:39:34.422Z] [Late-Dbg] User 99 Final: LateCount=0, Amt=0, Days=0
[2026-06-04T07:39:34.448Z] [Late-Dbg] User 100 Final: LateCount=0, Amt=0, Days=0
[2026-06-04T07:39:34.469Z] [Late-Dbg] User 101 Final: LateCount=0, Amt=0, Days=0
[2026-06-04T07:39:34.490Z] [Late-Dbg] User 102 Final: LateCount=0, Amt=0, Days=0
[2026-06-04T07:39:34.514Z] [Late-Dbg] User 103 Final: LateCount=0, Amt=0, Days=0
[2026-06-04T07:39:34.540Z] [Late-Dbg] User 104 Final: LateCount=0, Amt=0, Days=0
[2026-06-04T07:39:34.580Z] [Late-Dbg] User 105 Final: LateCount=0, Amt=0, Days=0
[2026-06-04T07:39:34.608Z] [Late-Dbg] User 106 Final: LateCount=0, Amt=0, Days=0
[2026-06-04T07:39:34.650Z] [Late-Dbg] User 107 Final: LateCount=0, Amt=0, Days=0
[2026-06-04T07:39:34.686Z] [Late-Dbg] User 108 Final: LateCount=0, Amt=0, Days=0
[2026-06-04T07:39:34.756Z] [Late-Dbg] User 109 Final: LateCount=1, Amt=0, Days=0
[2026-06-04T07:39:34.914Z] [Late-Dbg] User 182 Final: LateCount=1, Amt=30, Days=0.03
[2026-06-04T07:39:35.166Z] [Late-Dbg] User 185 Final: LateCount=0, Amt=0, Days=0
[2026-06-04T07:39:51.199Z] [Late-Dbg] User 57 Final: LateCount=8, Amt=0, Days=0
[Admin-Bonus] SKIP: User 57, Rule Active=true, RuleMonth=2026-04, TargetMonth=2026-05
[2026-06-04T07:39:51.534Z] [Late-Dbg] User 58 Final: LateCount=0, Amt=0, Days=0
[Admin-Bonus] SKIP: User 58, Rule Active=true, RuleMonth=2026-04, TargetMonth=2026-05
[2026-06-04T07:39:51.612Z] [Late-Dbg] User 59 Final: LateCount=2, Amt=1129.03, Days=1
[2026-06-04T07:39:51.732Z] [Late-Dbg] User 61 Final: LateCount=0, Amt=0, Days=0
[2026-06-04T07:39:51.772Z] [Late-Dbg] User 62 Final: LateCount=0, Amt=0, Days=0
[2026-06-04T07:39:51.819Z] [Late-Dbg] User 63 Final: LateCount=2, Amt=40, Days=0.04
[2026-06-04T07:39:51.866Z] [Late-Dbg] User 64 Final: LateCount=0, Amt=0, Days=0
[2026-06-04T07:39:51.903Z] [Late-Dbg] User 65 Final: LateCount=2, Amt=30, Days=0.03
[2026-06-04T07:39:51.968Z] [Late-Dbg] User 68 Final: LateCount=0, Amt=0, Days=0
[2026-06-04T07:39:52.077Z] [Late-Dbg] User 69 Final: LateCount=5, Amt=0, Days=0
[2026-06-04T07:39:52.347Z] [Late-Dbg] User 70 Final: LateCount=0, Amt=0, Days=0
[2026-06-04T07:39:52.367Z] [Late-Dbg] User 98 Final: LateCount=0, Amt=0, Days=0
[2026-06-04T07:39:52.386Z] [Late-Dbg] User 99 Final: LateCount=0, Amt=0, Days=0
[2026-06-04T07:39:52.406Z] [Late-Dbg] User 100 Final: LateCount=0, Amt=0, Days=0
[2026-06-04T07:39:52.430Z] [Late-Dbg] User 101 Final: LateCount=0, Amt=0, Days=0
[2026-06-04T07:39:52.449Z] [Late-Dbg] User 102 Final: LateCount=0, Amt=0, Days=0
[2026-06-04T07:39:52.467Z] [Late-Dbg] User 103 Final: LateCount=0, Amt=0, Days=0
[2026-06-04T07:39:52.496Z] [Late-Dbg] User 104 Final: LateCount=0, Amt=0, Days=0
[2026-06-04T07:39:52.531Z] [Late-Dbg] User 105 Final: LateCount=0, Amt=0, Days=0
[2026-06-04T07:39:52.555Z] [Late-Dbg] User 106 Final: LateCount=0, Amt=0, Days=0
[2026-06-04T07:39:52.600Z] [Late-Dbg] User 107 Final: LateCount=0, Amt=0, Days=0
[2026-06-04T07:39:52.636Z] [Late-Dbg] User 108 Final: LateCount=0, Amt=0, Days=0
[2026-06-04T07:39:52.714Z] [Late-Dbg] User 109 Final: LateCount=1, Amt=0, Days=0
[2026-06-04T07:39:52.867Z] [Late-Dbg] User 182 Final: LateCount=1, Amt=30, Days=0.03
[2026-06-04T07:39:53.114Z] [Late-Dbg] User 185 Final: LateCount=0, Amt=0, Days=0
[2026-06-04T07:42:09.982Z] [Late-Dbg] User 57 Final: LateCount=8, Amt=0, Days=0
[Admin-Bonus] SKIP: User 57, Rule Active=true, RuleMonth=2026-04, TargetMonth=2026-05
[2026-06-04T07:42:10.179Z] [Late-Dbg] User 58 Final: LateCount=0, Amt=0, Days=0
[Admin-Bonus] SKIP: User 58, Rule Active=true, RuleMonth=2026-04, TargetMonth=2026-05
[2026-06-04T07:42:10.244Z] [Late-Dbg] User 59 Final: LateCount=2, Amt=1129.03, Days=1
[2026-06-04T07:42:10.351Z] [Late-Dbg] User 61 Final: LateCount=0, Amt=0, Days=0
[2026-06-04T07:42:10.395Z] [Late-Dbg] User 62 Final: LateCount=0, Amt=0, Days=0
[2026-06-04T07:42:10.441Z] [Late-Dbg] User 63 Final: LateCount=2, Amt=40, Days=0.04
[2026-06-04T07:42:10.485Z] [Late-Dbg] User 64 Final: LateCount=0, Amt=0, Days=0
[2026-06-04T07:42:10.526Z] [Late-Dbg] User 65 Final: LateCount=2, Amt=30, Days=0.03
[2026-06-04T07:42:10.597Z] [Late-Dbg] User 68 Final: LateCount=0, Amt=0, Days=0
[2026-06-04T07:42:10.697Z] [Late-Dbg] User 69 Final: LateCount=5, Amt=0, Days=0
[2026-06-04T07:42:10.957Z] [Late-Dbg] User 70 Final: LateCount=0, Amt=0, Days=0
[2026-06-04T07:42:10.978Z] [Late-Dbg] User 98 Final: LateCount=0, Amt=0, Days=0
[2026-06-04T07:42:10.999Z] [Late-Dbg] User 99 Final: LateCount=0, Amt=0, Days=0
[2026-06-04T07:42:11.019Z] [Late-Dbg] User 100 Final: LateCount=0, Amt=0, Days=0
[2026-06-04T07:42:11.040Z] [Late-Dbg] User 101 Final: LateCount=0, Amt=0, Days=0
[2026-06-04T07:42:11.062Z] [Late-Dbg] User 102 Final: LateCount=0, Amt=0, Days=0
[2026-06-04T07:42:11.081Z] [Late-Dbg] User 103 Final: LateCount=0, Amt=0, Days=0
[2026-06-04T07:42:11.103Z] [Late-Dbg] User 104 Final: LateCount=0, Amt=0, Days=0
[2026-06-04T07:42:11.138Z] [Late-Dbg] User 105 Final: LateCount=0, Amt=0, Days=0
[2026-06-04T07:42:11.167Z] [Late-Dbg] User 106 Final: LateCount=0, Amt=0, Days=0
[2026-06-04T07:42:11.208Z] [Late-Dbg] User 107 Final: LateCount=0, Amt=0, Days=0
[2026-06-04T07:42:11.243Z] [Late-Dbg] User 108 Final: LateCount=0, Amt=0, Days=0
[2026-06-04T07:42:11.311Z] [Late-Dbg] User 109 Final: LateCount=1, Amt=0, Days=0
[2026-06-04T07:42:11.489Z] [Late-Dbg] User 182 Final: LateCount=1, Amt=30, Days=0.03
[2026-06-04T07:42:11.734Z] [Late-Dbg] User 185 Final: LateCount=0, Amt=0, Days=0
[2026-06-04T07:56:09.468Z] [Late-Dbg] User 57 Final: LateCount=0, Amt=0, Days=0
[Admin-Bonus] SKIP: User 57, Rule Active=true, RuleMonth=2026-04, TargetMonth=2026-06
[2026-06-04T07:56:09.571Z] [Late-Dbg] User 58 Final: LateCount=0, Amt=0, Days=0
[Admin-Bonus] SKIP: User 58, Rule Active=true, RuleMonth=2026-04, TargetMonth=2026-06
[2026-06-04T07:56:09.685Z] [Late-Dbg] User 59 Final: LateCount=0, Amt=0, Days=0
[2026-06-04T07:56:09.735Z] [Late-Dbg] User 61 Final: LateCount=0, Amt=0, Days=0
[2026-06-04T07:56:09.786Z] [Late-Dbg] User 62 Final: LateCount=0, Amt=0, Days=0
[2026-06-04T07:56:09.842Z] [Late-Dbg] User 63 Final: LateCount=0, Amt=0, Days=0
[2026-06-04T07:56:09.902Z] [Late-Dbg] User 64 Final: LateCount=0, Amt=0, Days=0
[2026-06-04T07:56:09.992Z] [Late-Dbg] User 65 Final: LateCount=0, Amt=0, Days=0
[2026-06-04T07:56:10.137Z] [Late-Dbg] User 68 Final: LateCount=0, Amt=0, Days=0
[2026-06-04T07:56:10.245Z] [Late-Dbg] User 69 Final: LateCount=1, Amt=0, Days=0
[2026-06-04T07:56:10.405Z] [Late-Dbg] User 70 Final: LateCount=0, Amt=0, Days=0
[2026-06-04T07:56:10.460Z] [Late-Dbg] User 98 Final: LateCount=0, Amt=0, Days=0
[2026-06-04T07:56:10.511Z] [Late-Dbg] User 99 Final: LateCount=0, Amt=0, Days=0
[2026-06-04T07:56:10.587Z] [Late-Dbg] User 100 Final: LateCount=0, Amt=0, Days=0
[2026-06-04T07:56:10.631Z] [Late-Dbg] User 101 Final: LateCount=0, Amt=0, Days=0
[2026-06-04T07:56:10.669Z] [Late-Dbg] User 102 Final: LateCount=0, Amt=0, Days=0
[2026-06-04T07:56:10.709Z] [Late-Dbg] User 103 Final: LateCount=0, Amt=0, Days=0
[2026-06-04T07:56:10.740Z] [Late-Dbg] User 104 Final: LateCount=0, Amt=0, Days=0
[2026-06-04T07:56:10.766Z] [Late-Dbg] User 105 Final: LateCount=0, Amt=0, Days=0
[2026-06-04T07:56:10.796Z] [Late-Dbg] User 106 Final: LateCount=0, Amt=0, Days=0
[2026-06-04T07:56:10.839Z] [Late-Dbg] User 107 Final: LateCount=0, Amt=0, Days=0
[2026-06-04T07:56:10.884Z] [Late-Dbg] User 108 Final: LateCount=0, Amt=0, Days=0
[2026-06-04T07:56:10.930Z] [Late-Dbg] User 109 Final: LateCount=0, Amt=0, Days=0
[2026-06-04T07:56:10.988Z] [Late-Dbg] User 182 Final: LateCount=0, Amt=0, Days=0
[2026-06-04T07:56:11.065Z] [Late-Dbg] User 185 Final: LateCount=0, Amt=0, Days=0
[2026-06-04T07:56:43.466Z] [Late-Dbg] User 57 Final: LateCount=8, Amt=0, Days=0
[Admin-Bonus] SKIP: User 57, Rule Active=true, RuleMonth=2026-04, TargetMonth=2026-05
[2026-06-04T07:56:43.918Z] [Late-Dbg] User 58 Final: LateCount=0, Amt=0, Days=0
[Admin-Bonus] SKIP: User 58, Rule Active=true, RuleMonth=2026-04, TargetMonth=2026-05
[2026-06-04T07:56:44.062Z] [Late-Dbg] User 59 Final: LateCount=2, Amt=1129.03, Days=1
[2026-06-04T07:56:44.311Z] [Late-Dbg] User 61 Final: LateCount=0, Amt=0, Days=0
[2026-06-04T07:56:44.399Z] [Late-Dbg] User 62 Final: LateCount=0, Amt=0, Days=0
[2026-06-04T07:56:44.492Z] [Late-Dbg] User 63 Final: LateCount=2, Amt=40, Days=0.04
[2026-06-04T07:56:44.604Z] [Late-Dbg] User 64 Final: LateCount=0, Amt=0, Days=0
[2026-06-04T07:56:44.691Z] [Late-Dbg] User 65 Final: LateCount=2, Amt=30, Days=0.03
[2026-06-04T07:56:44.812Z] [Late-Dbg] User 68 Final: LateCount=0, Amt=0, Days=0
[2026-06-04T07:56:45.040Z] [Late-Dbg] User 69 Final: LateCount=5, Amt=0, Days=0
[2026-06-04T07:56:45.581Z] [Late-Dbg] User 70 Final: LateCount=0, Amt=0, Days=0
[2026-06-04T07:56:45.624Z] [Late-Dbg] User 98 Final: LateCount=0, Amt=0, Days=0
[2026-06-04T07:56:45.666Z] [Late-Dbg] User 99 Final: LateCount=0, Amt=0, Days=0
[2026-06-04T07:56:45.704Z] [Late-Dbg] User 100 Final: LateCount=0, Amt=0, Days=0
[2026-06-04T07:56:45.751Z] [Late-Dbg] User 101 Final: LateCount=0, Amt=0, Days=0
[2026-06-04T07:56:45.785Z] [Late-Dbg] User 102 Final: LateCount=0, Amt=0, Days=0
[2026-06-04T07:56:45.851Z] [Late-Dbg] User 103 Final: LateCount=0, Amt=0, Days=0
[2026-06-04T07:56:45.943Z] [Late-Dbg] User 104 Final: LateCount=0, Amt=0, Days=0
[2026-06-04T07:56:46.055Z] [Late-Dbg] User 105 Final: LateCount=0, Amt=0, Days=0
[2026-06-04T07:56:46.144Z] [Late-Dbg] User 106 Final: LateCount=0, Amt=0, Days=0
[2026-06-04T07:56:46.287Z] [Late-Dbg] User 107 Final: LateCount=0, Amt=0, Days=0
[2026-06-04T07:56:46.394Z] [Late-Dbg] User 108 Final: LateCount=0, Amt=0, Days=0
[2026-06-04T07:56:46.608Z] [Late-Dbg] User 109 Final: LateCount=1, Amt=0, Days=0
[2026-06-04T07:56:47.083Z] [Late-Dbg] User 182 Final: LateCount=1, Amt=30, Days=0.03
[2026-06-04T07:56:48.010Z] [Late-Dbg] User 185 Final: LateCount=0, Amt=0, Days=0
[2026-06-04T07:57:23.372Z] [Late-Dbg] User 57 Final: LateCount=8, Amt=0, Days=0
[Admin-Bonus] SKIP: User 57, Rule Active=true, RuleMonth=2026-04, TargetMonth=2026-05
[2026-06-04T07:57:23.800Z] [Late-Dbg] User 58 Final: LateCount=0, Amt=0, Days=0
[Admin-Bonus] SKIP: User 58, Rule Active=true, RuleMonth=2026-04, TargetMonth=2026-05
[2026-06-04T07:57:23.943Z] [Late-Dbg] User 59 Final: LateCount=2, Amt=1129.03, Days=1
[2026-06-04T07:57:24.191Z] [Late-Dbg] User 61 Final: LateCount=0, Amt=0, Days=0
[2026-06-04T07:57:24.291Z] [Late-Dbg] User 62 Final: LateCount=0, Amt=0, Days=0
[2026-06-04T07:57:24.393Z] [Late-Dbg] User 63 Final: LateCount=2, Amt=40, Days=0.04
[2026-06-04T07:57:24.498Z] [Late-Dbg] User 64 Final: LateCount=0, Amt=0, Days=0
[2026-06-04T07:57:24.574Z] [Late-Dbg] User 65 Final: LateCount=2, Amt=30, Days=0.03
[2026-06-04T07:57:24.714Z] [Late-Dbg] User 68 Final: LateCount=0, Amt=0, Days=0
[2026-06-04T07:57:24.933Z] [Late-Dbg] User 69 Final: LateCount=5, Amt=0, Days=0
[2026-06-04T07:57:25.441Z] [Late-Dbg] User 70 Final: LateCount=0, Amt=0, Days=0
[2026-06-04T07:57:25.484Z] [Late-Dbg] User 98 Final: LateCount=0, Amt=0, Days=0
[2026-06-04T07:57:25.528Z] [Late-Dbg] User 99 Final: LateCount=0, Amt=0, Days=0
[2026-06-04T07:57:25.571Z] [Late-Dbg] User 100 Final: LateCount=0, Amt=0, Days=0
[2026-06-04T07:57:25.615Z] [Late-Dbg] User 101 Final: LateCount=0, Amt=0, Days=0
[2026-06-04T07:57:25.658Z] [Late-Dbg] User 102 Final: LateCount=0, Amt=0, Days=0
[2026-06-04T07:57:25.702Z] [Late-Dbg] User 103 Final: LateCount=0, Amt=0, Days=0
[2026-06-04T07:57:25.762Z] [Late-Dbg] User 104 Final: LateCount=0, Amt=0, Days=0
[2026-06-04T07:57:25.828Z] [Late-Dbg] User 105 Final: LateCount=0, Amt=0, Days=0
[2026-06-04T07:57:25.889Z] [Late-Dbg] User 106 Final: LateCount=0, Amt=0, Days=0
[2026-06-04T07:57:25.969Z] [Late-Dbg] User 107 Final: LateCount=0, Amt=0, Days=0
[2026-06-04T07:57:26.041Z] [Late-Dbg] User 108 Final: LateCount=0, Amt=0, Days=0
[2026-06-04T07:57:26.180Z] [Late-Dbg] User 109 Final: LateCount=1, Amt=0, Days=0
[2026-06-04T07:57:26.474Z] [Late-Dbg] User 182 Final: LateCount=1, Amt=30, Days=0.03
[2026-06-04T07:57:26.942Z] [Late-Dbg] User 185 Final: LateCount=0, Amt=0, Days=0
[2026-06-04T07:57:38.195Z] [Late-Dbg] User 57 Final: LateCount=0, Amt=0, Days=0
[Admin-Bonus] SKIP: User 57, Rule Active=true, RuleMonth=2026-04, TargetMonth=2026-06
[2026-06-04T07:57:38.411Z] [Late-Dbg] User 58 Final: LateCount=0, Amt=0, Days=0
[Admin-Bonus] SKIP: User 58, Rule Active=true, RuleMonth=2026-04, TargetMonth=2026-06
[2026-06-04T07:57:38.489Z] [Late-Dbg] User 59 Final: LateCount=0, Amt=0, Days=0
[2026-06-04T07:57:38.524Z] [Late-Dbg] User 61 Final: LateCount=0, Amt=0, Days=0
[2026-06-04T07:57:38.557Z] [Late-Dbg] User 62 Final: LateCount=0, Amt=0, Days=0
[2026-06-04T07:57:38.597Z] [Late-Dbg] User 63 Final: LateCount=0, Amt=0, Days=0
[2026-06-04T07:57:38.643Z] [Late-Dbg] User 64 Final: LateCount=0, Amt=0, Days=0
[2026-06-04T07:57:38.714Z] [Late-Dbg] User 65 Final: LateCount=0, Amt=0, Days=0
[2026-06-04T07:57:38.826Z] [Late-Dbg] User 68 Final: LateCount=0, Amt=0, Days=0
[2026-06-04T07:57:38.907Z] [Late-Dbg] User 69 Final: LateCount=1, Amt=0, Days=0
[2026-06-04T07:57:39.026Z] [Late-Dbg] User 70 Final: LateCount=0, Amt=0, Days=0
[2026-06-04T07:57:39.072Z] [Late-Dbg] User 98 Final: LateCount=0, Amt=0, Days=0
[2026-06-04T07:57:39.136Z] [Late-Dbg] User 99 Final: LateCount=0, Amt=0, Days=0
[2026-06-04T07:57:39.182Z] [Late-Dbg] User 100 Final: LateCount=0, Amt=0, Days=0
[2026-06-04T07:57:39.223Z] [Late-Dbg] User 101 Final: LateCount=0, Amt=0, Days=0
[2026-06-04T07:57:39.264Z] [Late-Dbg] User 102 Final: LateCount=0, Amt=0, Days=0
[2026-06-04T07:57:39.308Z] [Late-Dbg] User 103 Final: LateCount=0, Amt=0, Days=0
[2026-06-04T07:57:39.353Z] [Late-Dbg] User 104 Final: LateCount=0, Amt=0, Days=0
[2026-06-04T07:57:39.399Z] [Late-Dbg] User 105 Final: LateCount=0, Amt=0, Days=0
[2026-06-04T07:57:39.439Z] [Late-Dbg] User 106 Final: LateCount=0, Amt=0, Days=0
[2026-06-04T07:57:39.483Z] [Late-Dbg] User 107 Final: LateCount=0, Amt=0, Days=0
[2026-06-04T07:57:39.515Z] [Late-Dbg] User 108 Final: LateCount=0, Amt=0, Days=0
[2026-06-04T07:57:39.568Z] [Late-Dbg] User 109 Final: LateCount=0, Amt=0, Days=0
[2026-06-04T07:57:39.629Z] [Late-Dbg] User 182 Final: LateCount=0, Amt=0, Days=0
[2026-06-04T07:57:39.703Z] [Late-Dbg] User 185 Final: LateCount=0, Amt=0, Days=0
[2026-06-04T09:44:21.404Z] [Late-Dbg] User 57 Final: LateCount=0, Amt=0, Days=0
[Admin-Bonus] SKIP: User 57, Rule Active=true, RuleMonth=2026-04, TargetMonth=2026-06
[2026-06-04T09:44:21.500Z] [Late-Dbg] User 58 Final: LateCount=0, Amt=0, Days=0
[Admin-Bonus] SKIP: User 58, Rule Active=true, RuleMonth=2026-04, TargetMonth=2026-06
[2026-06-04T09:44:21.600Z] [Late-Dbg] User 59 Final: LateCount=0, Amt=0, Days=0
[2026-06-04T09:44:21.648Z] [Late-Dbg] User 61 Final: LateCount=0, Amt=0, Days=0
[2026-06-04T09:44:21.683Z] [Late-Dbg] User 62 Final: LateCount=0, Amt=0, Days=0
[2026-06-04T09:44:21.714Z] [Late-Dbg] User 63 Final: LateCount=0, Amt=0, Days=0
[2026-06-04T09:44:21.746Z] [Late-Dbg] User 64 Final: LateCount=0, Amt=0, Days=0
[2026-06-04T09:44:21.790Z] [Late-Dbg] User 65 Final: LateCount=0, Amt=0, Days=0
[2026-06-04T09:44:21.849Z] [Late-Dbg] User 68 Final: LateCount=0, Amt=0, Days=0
[2026-06-04T09:44:21.906Z] [Late-Dbg] User 69 Final: LateCount=1, Amt=0, Days=0
[2026-06-04T09:44:22.007Z] [Late-Dbg] User 70 Final: LateCount=0, Amt=0, Days=0
[2026-06-04T09:44:22.042Z] [Late-Dbg] User 98 Final: LateCount=0, Amt=0, Days=0
[2026-06-04T09:44:22.067Z] [Late-Dbg] User 99 Final: LateCount=0, Amt=0, Days=0
[2026-06-04T09:44:22.093Z] [Late-Dbg] User 100 Final: LateCount=0, Amt=0, Days=0
[2026-06-04T09:44:22.116Z] [Late-Dbg] User 101 Final: LateCount=0, Amt=0, Days=0
[2026-06-04T09:44:22.143Z] [Late-Dbg] User 102 Final: LateCount=0, Amt=0, Days=0
[2026-06-04T09:44:22.168Z] [Late-Dbg] User 103 Final: LateCount=0, Amt=0, Days=0
[2026-06-04T09:44:22.193Z] [Late-Dbg] User 104 Final: LateCount=0, Amt=0, Days=0
[2026-06-04T09:44:22.217Z] [Late-Dbg] User 105 Final: LateCount=0, Amt=0, Days=0
[2026-06-04T09:44:22.242Z] [Late-Dbg] User 106 Final: LateCount=0, Amt=0, Days=0
[2026-06-04T09:44:22.264Z] [Late-Dbg] User 107 Final: LateCount=0, Amt=0, Days=0
[2026-06-04T09:44:22.289Z] [Late-Dbg] User 108 Final: LateCount=0, Amt=0, Days=0
[2026-06-04T09:44:22.315Z] [Late-Dbg] User 109 Final: LateCount=0, Amt=0, Days=0
[2026-06-04T09:44:22.352Z] [Late-Dbg] User 182 Final: LateCount=0, Amt=0, Days=0
[2026-06-04T09:44:22.400Z] [Late-Dbg] User 185 Final: LateCount=0, Amt=0, Days=0
[2026-06-04T09:44:51.407Z] [Late-Dbg] User 57 Final: LateCount=0, Amt=0, Days=0
[Admin-Bonus] SKIP: User 57, Rule Active=true, RuleMonth=2026-04, TargetMonth=2026-06
[2026-06-04T09:44:51.469Z] [Late-Dbg] User 58 Final: LateCount=0, Amt=0, Days=0
[Admin-Bonus] SKIP: User 58, Rule Active=true, RuleMonth=2026-04, TargetMonth=2026-06
[2026-06-04T09:44:51.546Z] [Late-Dbg] User 59 Final: LateCount=0, Amt=0, Days=0
[2026-06-04T09:44:51.588Z] [Late-Dbg] User 61 Final: LateCount=0, Amt=0, Days=0
[2026-06-04T09:44:51.625Z] [Late-Dbg] User 62 Final: LateCount=0, Amt=0, Days=0
[2026-06-04T09:44:51.663Z] [Late-Dbg] User 63 Final: LateCount=0, Amt=0, Days=0
[2026-06-04T09:44:51.704Z] [Late-Dbg] User 64 Final: LateCount=0, Amt=0, Days=0
[2026-06-04T09:44:51.743Z] [Late-Dbg] User 65 Final: LateCount=0, Amt=0, Days=0
[2026-06-04T09:44:51.784Z] [Late-Dbg] User 68 Final: LateCount=0, Amt=0, Days=0
[2026-06-04T09:44:51.852Z] [Late-Dbg] User 69 Final: LateCount=1, Amt=0, Days=0
[2026-06-04T09:44:51.945Z] [Late-Dbg] User 70 Final: LateCount=0, Amt=0, Days=0
[2026-06-04T09:44:51.978Z] [Late-Dbg] User 98 Final: LateCount=0, Amt=0, Days=0
[2026-06-04T09:44:52.012Z] [Late-Dbg] User 99 Final: LateCount=0, Amt=0, Days=0
[2026-06-04T09:44:52.044Z] [Late-Dbg] User 100 Final: LateCount=0, Amt=0, Days=0
[2026-06-04T09:44:52.075Z] [Late-Dbg] User 101 Final: LateCount=0, Amt=0, Days=0
[2026-06-04T09:44:52.107Z] [Late-Dbg] User 102 Final: LateCount=0, Amt=0, Days=0
[2026-06-04T09:44:52.135Z] [Late-Dbg] User 103 Final: LateCount=0, Amt=0, Days=0
[2026-06-04T09:44:52.166Z] [Late-Dbg] User 104 Final: LateCount=0, Amt=0, Days=0
[2026-06-04T09:44:52.195Z] [Late-Dbg] User 105 Final: LateCount=0, Amt=0, Days=0
[2026-06-04T09:44:52.223Z] [Late-Dbg] User 106 Final: LateCount=0, Amt=0, Days=0
[2026-06-04T09:44:52.251Z] [Late-Dbg] User 107 Final: LateCount=0, Amt=0, Days=0
[2026-06-04T09:44:52.283Z] [Late-Dbg] User 108 Final: LateCount=0, Amt=0, Days=0
[2026-06-04T09:44:52.314Z] [Late-Dbg] User 109 Final: LateCount=0, Amt=0, Days=0
[2026-06-04T09:44:52.349Z] [Late-Dbg] User 182 Final: LateCount=0, Amt=0, Days=0
[2026-06-04T09:44:52.398Z] [Late-Dbg] User 185 Final: LateCount=0, Amt=0, Days=0
[2026-06-04T10:03:26.199Z] [Late-Dbg] User 57 Final: LateCount=0, Amt=0, Days=0
[Admin-Bonus] SKIP: User 57, Rule Active=true, RuleMonth=2026-04, TargetMonth=2026-06
[2026-06-04T10:03:26.271Z] [Late-Dbg] User 58 Final: LateCount=0, Amt=0, Days=0
[Admin-Bonus] SKIP: User 58, Rule Active=true, RuleMonth=2026-04, TargetMonth=2026-06
[2026-06-04T10:03:26.354Z] [Late-Dbg] User 59 Final: LateCount=0, Amt=0, Days=0
[2026-06-04T10:03:26.397Z] [Late-Dbg] User 61 Final: LateCount=0, Amt=0, Days=0
[2026-06-04T10:03:26.441Z] [Late-Dbg] User 62 Final: LateCount=0, Amt=0, Days=0
[2026-06-04T10:03:26.488Z] [Late-Dbg] User 63 Final: LateCount=0, Amt=0, Days=0
[2026-06-04T10:03:26.533Z] [Late-Dbg] User 64 Final: LateCount=0, Amt=0, Days=0
[2026-06-04T10:03:26.577Z] [Late-Dbg] User 65 Final: LateCount=0, Amt=0, Days=0
[2026-06-04T10:03:26.626Z] [Late-Dbg] User 68 Final: LateCount=0, Amt=0, Days=0
[2026-06-04T10:03:26.702Z] [Late-Dbg] User 69 Final: LateCount=1, Amt=0, Days=0
[2026-06-04T10:03:26.816Z] [Late-Dbg] User 70 Final: LateCount=0, Amt=0, Days=0
[2026-06-04T10:03:26.860Z] [Late-Dbg] User 98 Final: LateCount=0, Amt=0, Days=0
[2026-06-04T10:03:26.905Z] [Late-Dbg] User 99 Final: LateCount=0, Amt=0, Days=0
[2026-06-04T10:03:26.946Z] [Late-Dbg] User 100 Final: LateCount=0, Amt=0, Days=0
[2026-06-04T10:03:26.991Z] [Late-Dbg] User 101 Final: LateCount=0, Amt=0, Days=0
[2026-06-04T10:03:27.037Z] [Late-Dbg] User 102 Final: LateCount=0, Amt=0, Days=0
[2026-06-04T10:03:27.077Z] [Late-Dbg] User 103 Final: LateCount=0, Amt=0, Days=0
[2026-06-04T10:03:27.123Z] [Late-Dbg] User 104 Final: LateCount=0, Amt=0, Days=0
[2026-06-04T10:03:27.158Z] [Late-Dbg] User 105 Final: LateCount=0, Amt=0, Days=0
[2026-06-04T10:03:27.194Z] [Late-Dbg] User 106 Final: LateCount=0, Amt=0, Days=0
[2026-06-04T10:03:27.229Z] [Late-Dbg] User 107 Final: LateCount=0, Amt=0, Days=0
[2026-06-04T10:03:27.262Z] [Late-Dbg] User 108 Final: LateCount=0, Amt=0, Days=0
[2026-06-04T10:03:27.303Z] [Late-Dbg] User 109 Final: LateCount=0, Amt=0, Days=0
[2026-06-04T10:03:27.353Z] [Late-Dbg] User 182 Final: LateCount=0, Amt=0, Days=0
[2026-06-04T10:03:27.408Z] [Late-Dbg] User 185 Final: LateCount=0, Amt=0, Days=0
[2026-06-04T10:04:11.562Z] [Late-Dbg] User 57 Final: LateCount=0, Amt=0, Days=0
[Admin-Bonus] SKIP: User 57, Rule Active=true, RuleMonth=2026-04, TargetMonth=2026-06
[2026-06-04T10:04:11.625Z] [Late-Dbg] User 58 Final: LateCount=0, Amt=0, Days=0
[Admin-Bonus] SKIP: User 58, Rule Active=true, RuleMonth=2026-04, TargetMonth=2026-06
[2026-06-04T10:04:11.717Z] [Late-Dbg] User 59 Final: LateCount=0, Amt=0, Days=0
[2026-06-04T10:04:11.764Z] [Late-Dbg] User 61 Final: LateCount=0, Amt=0, Days=0
[2026-06-04T10:04:11.811Z] [Late-Dbg] User 62 Final: LateCount=0, Amt=0, Days=0
[2026-06-04T10:04:11.849Z] [Late-Dbg] User 63 Final: LateCount=0, Amt=0, Days=0
[2026-06-04T10:04:11.884Z] [Late-Dbg] User 64 Final: LateCount=0, Amt=0, Days=0
[2026-06-04T10:04:11.923Z] [Late-Dbg] User 65 Final: LateCount=0, Amt=0, Days=0
[2026-06-04T10:04:11.960Z] [Late-Dbg] User 68 Final: LateCount=0, Amt=0, Days=0
[2026-06-04T10:04:12.030Z] [Late-Dbg] User 69 Final: LateCount=1, Amt=0, Days=0
[2026-06-04T10:04:12.147Z] [Late-Dbg] User 70 Final: LateCount=0, Amt=0, Days=0
[2026-06-04T10:04:12.192Z] [Late-Dbg] User 98 Final: LateCount=0, Amt=0, Days=0
[2026-06-04T10:04:12.236Z] [Late-Dbg] User 99 Final: LateCount=0, Amt=0, Days=0
[2026-06-04T10:04:12.280Z] [Late-Dbg] User 100 Final: LateCount=0, Amt=0, Days=0
[2026-06-04T10:04:12.323Z] [Late-Dbg] User 101 Final: LateCount=0, Amt=0, Days=0
[2026-06-04T10:04:12.364Z] [Late-Dbg] User 102 Final: LateCount=0, Amt=0, Days=0
[2026-06-04T10:04:12.487Z] [Late-Dbg] User 103 Final: LateCount=0, Amt=0, Days=0
[2026-06-04T10:04:12.525Z] [Late-Dbg] User 104 Final: LateCount=0, Amt=0, Days=0
[2026-06-04T10:04:12.548Z] [Late-Dbg] User 105 Final: LateCount=0, Amt=0, Days=0
[2026-06-04T10:04:12.575Z] [Late-Dbg] User 106 Final: LateCount=0, Amt=0, Days=0
[2026-06-04T10:04:12.598Z] [Late-Dbg] User 107 Final: LateCount=0, Amt=0, Days=0
[2026-06-04T10:04:12.624Z] [Late-Dbg] User 108 Final: LateCount=0, Amt=0, Days=0
[2026-06-04T10:04:12.649Z] [Late-Dbg] User 109 Final: LateCount=0, Amt=0, Days=0
[2026-06-04T10:04:12.685Z] [Late-Dbg] User 182 Final: LateCount=0, Amt=0, Days=0
[2026-06-04T10:04:12.740Z] [Late-Dbg] User 185 Final: LateCount=0, Amt=0, Days=0
[2026-06-04T10:07:12.037Z] [Late-Dbg] User 57 Final: LateCount=0, Amt=0, Days=0
[Admin-Bonus] SKIP: User 57, Rule Active=true, RuleMonth=2026-04, TargetMonth=2026-06
[2026-06-04T10:07:12.107Z] [Late-Dbg] User 58 Final: LateCount=0, Amt=0, Days=0
[Admin-Bonus] SKIP: User 58, Rule Active=true, RuleMonth=2026-04, TargetMonth=2026-06
[2026-06-04T10:07:12.195Z] [Late-Dbg] User 59 Final: LateCount=0, Amt=0, Days=0
[2026-06-04T10:07:12.241Z] [Late-Dbg] User 61 Final: LateCount=0, Amt=0, Days=0
[2026-06-04T10:07:12.285Z] [Late-Dbg] User 62 Final: LateCount=0, Amt=0, Days=0
[2026-06-04T10:07:12.329Z] [Late-Dbg] User 63 Final: LateCount=0, Amt=0, Days=0
[2026-06-04T10:07:12.363Z] [Late-Dbg] User 64 Final: LateCount=0, Amt=0, Days=0
[2026-06-04T10:07:12.418Z] [Late-Dbg] User 65 Final: LateCount=0, Amt=0, Days=0
[2026-06-04T10:07:12.452Z] [Late-Dbg] User 68 Final: LateCount=0, Amt=0, Days=0
[2026-06-04T10:07:12.514Z] [Late-Dbg] User 69 Final: LateCount=1, Amt=0, Days=0
[2026-06-04T10:07:12.603Z] [Late-Dbg] User 70 Final: LateCount=0, Amt=0, Days=0
[2026-06-04T10:07:12.634Z] [Late-Dbg] User 98 Final: LateCount=0, Amt=0, Days=0
[2026-06-04T10:07:12.667Z] [Late-Dbg] User 99 Final: LateCount=0, Amt=0, Days=0
[2026-06-04T10:07:12.699Z] [Late-Dbg] User 100 Final: LateCount=0, Amt=0, Days=0
[2026-06-04T10:07:12.735Z] [Late-Dbg] User 101 Final: LateCount=0, Amt=0, Days=0
[2026-06-04T10:07:12.766Z] [Late-Dbg] User 102 Final: LateCount=0, Amt=0, Days=0
[2026-06-04T10:07:12.798Z] [Late-Dbg] User 103 Final: LateCount=0, Amt=0, Days=0
[2026-06-04T10:07:12.834Z] [Late-Dbg] User 104 Final: LateCount=0, Amt=0, Days=0
[2026-06-04T10:07:12.864Z] [Late-Dbg] User 105 Final: LateCount=0, Amt=0, Days=0
[2026-06-04T10:07:12.894Z] [Late-Dbg] User 106 Final: LateCount=0, Amt=0, Days=0
[2026-06-04T10:07:12.926Z] [Late-Dbg] User 107 Final: LateCount=0, Amt=0, Days=0
[2026-06-04T10:07:12.958Z] [Late-Dbg] User 108 Final: LateCount=0, Amt=0, Days=0
[2026-06-04T10:07:12.994Z] [Late-Dbg] User 109 Final: LateCount=0, Amt=0, Days=0
[2026-06-04T10:07:13.037Z] [Late-Dbg] User 182 Final: LateCount=0, Amt=0, Days=0
[2026-06-04T10:07:13.141Z] [Late-Dbg] User 185 Final: LateCount=0, Amt=0, Days=0
[2026-06-04T10:07:28.334Z] [Late-Dbg] User 57 Final: LateCount=8, Amt=0, Days=0
[Admin-Bonus] SKIP: User 57, Rule Active=true, RuleMonth=2026-04, TargetMonth=2026-05
[2026-06-04T10:07:28.645Z] [Late-Dbg] User 58 Final: LateCount=0, Amt=0, Days=0
[Admin-Bonus] SKIP: User 58, Rule Active=true, RuleMonth=2026-04, TargetMonth=2026-05
[2026-06-04T10:07:28.738Z] [Late-Dbg] User 59 Final: LateCount=2, Amt=1129.03, Days=1
[2026-06-04T10:07:28.914Z] [Late-Dbg] User 61 Final: LateCount=0, Amt=0, Days=0
[2026-06-04T10:07:28.983Z] [Late-Dbg] User 62 Final: LateCount=0, Amt=0, Days=0
[2026-06-04T10:07:29.060Z] [Late-Dbg] User 63 Final: LateCount=2, Amt=40, Days=0.04
[2026-06-04T10:07:29.134Z] [Late-Dbg] User 64 Final: LateCount=0, Amt=0, Days=0
[2026-06-04T10:07:29.199Z] [Late-Dbg] User 65 Final: LateCount=2, Amt=30, Days=0.03
[2026-06-04T10:07:29.279Z] [Late-Dbg] User 68 Final: LateCount=0, Amt=0, Days=0
[2026-06-04T10:07:29.398Z] [Late-Dbg] User 69 Final: LateCount=5, Amt=0, Days=0
[2026-06-04T10:07:29.703Z] [Late-Dbg] User 70 Final: LateCount=0, Amt=0, Days=0
[2026-06-04T10:07:29.728Z] [Late-Dbg] User 98 Final: LateCount=0, Amt=0, Days=0
[2026-06-04T10:07:29.752Z] [Late-Dbg] User 99 Final: LateCount=0, Amt=0, Days=0
[2026-06-04T10:07:29.778Z] [Late-Dbg] User 100 Final: LateCount=0, Amt=0, Days=0
[2026-06-04T10:07:29.799Z] [Late-Dbg] User 101 Final: LateCount=0, Amt=0, Days=0
[2026-06-04T10:07:29.823Z] [Late-Dbg] User 102 Final: LateCount=0, Amt=0, Days=0
[2026-06-04T10:07:29.847Z] [Late-Dbg] User 103 Final: LateCount=0, Amt=0, Days=0
[2026-06-04T10:07:29.880Z] [Late-Dbg] User 104 Final: LateCount=0, Amt=0, Days=0
[2026-06-04T10:07:29.923Z] [Late-Dbg] User 105 Final: LateCount=0, Amt=0, Days=0
[2026-06-04T10:07:29.957Z] [Late-Dbg] User 106 Final: LateCount=0, Amt=0, Days=0
[2026-06-04T10:07:30.010Z] [Late-Dbg] User 107 Final: LateCount=0, Amt=0, Days=0
[2026-06-04T10:07:30.050Z] [Late-Dbg] User 108 Final: LateCount=0, Amt=0, Days=0
[2026-06-04T10:07:30.131Z] [Late-Dbg] User 109 Final: LateCount=1, Amt=0, Days=0
[2026-06-04T10:07:30.321Z] [Late-Dbg] User 182 Final: LateCount=1, Amt=30, Days=0.03
[2026-06-04T10:07:30.620Z] [Late-Dbg] User 185 Final: LateCount=0, Amt=0, Days=0
[2026-06-04T10:08:18.303Z] [Late-Dbg] User 57 Final: LateCount=0, Amt=0, Days=0
[Admin-Bonus] SKIP: User 57, Rule Active=true, RuleMonth=2026-04, TargetMonth=2026-06
[2026-06-04T10:08:18.365Z] [Late-Dbg] User 58 Final: LateCount=0, Amt=0, Days=0
[Admin-Bonus] SKIP: User 58, Rule Active=true, RuleMonth=2026-04, TargetMonth=2026-06
[2026-06-04T10:08:18.454Z] [Late-Dbg] User 59 Final: LateCount=0, Amt=0, Days=0
[2026-06-04T10:08:18.502Z] [Late-Dbg] User 61 Final: LateCount=0, Amt=0, Days=0
[2026-06-04T10:08:18.544Z] [Late-Dbg] User 62 Final: LateCount=0, Amt=0, Days=0
[2026-06-04T10:08:18.586Z] [Late-Dbg] User 63 Final: LateCount=0, Amt=0, Days=0
[2026-06-04T10:08:18.622Z] [Late-Dbg] User 64 Final: LateCount=0, Amt=0, Days=0
[2026-06-04T10:08:18.655Z] [Late-Dbg] User 65 Final: LateCount=0, Amt=0, Days=0
[2026-06-04T10:08:18.688Z] [Late-Dbg] User 68 Final: LateCount=0, Amt=0, Days=0
[2026-06-04T10:08:18.747Z] [Late-Dbg] User 69 Final: LateCount=1, Amt=0, Days=0
[2026-06-04T10:08:18.833Z] [Late-Dbg] User 70 Final: LateCount=0, Amt=0, Days=0
[2026-06-04T10:08:18.866Z] [Late-Dbg] User 98 Final: LateCount=0, Amt=0, Days=0
[2026-06-04T10:08:18.900Z] [Late-Dbg] User 99 Final: LateCount=0, Amt=0, Days=0
[2026-06-04T10:08:18.931Z] [Late-Dbg] User 100 Final: LateCount=0, Amt=0, Days=0
[2026-06-04T10:08:18.963Z] [Late-Dbg] User 101 Final: LateCount=0, Amt=0, Days=0
[2026-06-04T10:08:19.000Z] [Late-Dbg] User 102 Final: LateCount=0, Amt=0, Days=0
[2026-06-04T10:08:19.071Z] [Late-Dbg] User 103 Final: LateCount=0, Amt=0, Days=0
[2026-06-04T10:08:19.142Z] [Late-Dbg] User 104 Final: LateCount=0, Amt=0, Days=0
[2026-06-04T10:08:19.209Z] [Late-Dbg] User 105 Final: LateCount=0, Amt=0, Days=0
[2026-06-04T10:08:19.275Z] [Late-Dbg] User 106 Final: LateCount=0, Amt=0, Days=0
[2026-06-04T10:08:19.343Z] [Late-Dbg] User 107 Final: LateCount=0, Amt=0, Days=0
[2026-06-04T10:08:19.422Z] [Late-Dbg] User 108 Final: LateCount=0, Amt=0, Days=0
[2026-06-04T10:08:19.490Z] [Late-Dbg] User 109 Final: LateCount=0, Amt=0, Days=0
[2026-06-04T10:08:19.562Z] [Late-Dbg] User 182 Final: LateCount=0, Amt=0, Days=0
[2026-06-04T10:08:19.640Z] [Late-Dbg] User 185 Final: LateCount=0, Amt=0, Days=0
[2026-06-04T10:08:29.599Z] [Late-Dbg] User 57 Final: LateCount=8, Amt=0, Days=0
[Admin-Bonus] SKIP: User 57, Rule Active=true, RuleMonth=2026-04, TargetMonth=2026-05
[2026-06-04T10:08:29.896Z] [Late-Dbg] User 58 Final: LateCount=0, Amt=0, Days=0
[Admin-Bonus] SKIP: User 58, Rule Active=true, RuleMonth=2026-04, TargetMonth=2026-05
[2026-06-04T10:08:29.996Z] [Late-Dbg] User 59 Final: LateCount=2, Amt=1129.03, Days=1
[2026-06-04T10:08:30.183Z] [Late-Dbg] User 61 Final: LateCount=0, Amt=0, Days=0
[2026-06-04T10:08:30.235Z] [Late-Dbg] User 62 Final: LateCount=0, Amt=0, Days=0
[2026-06-04T10:08:30.292Z] [Late-Dbg] User 63 Final: LateCount=2, Amt=40, Days=0.04
[2026-06-04T10:08:30.344Z] [Late-Dbg] User 64 Final: LateCount=0, Amt=0, Days=0
[2026-06-04T10:08:30.388Z] [Late-Dbg] User 65 Final: LateCount=2, Amt=30, Days=0.03
[2026-06-04T10:08:30.464Z] [Late-Dbg] User 68 Final: LateCount=0, Amt=0, Days=0
[2026-06-04T10:08:30.584Z] [Late-Dbg] User 69 Final: LateCount=5, Amt=0, Days=0
[2026-06-04T10:08:30.966Z] [Late-Dbg] User 70 Final: LateCount=0, Amt=0, Days=0
[2026-06-04T10:08:30.991Z] [Late-Dbg] User 98 Final: LateCount=0, Amt=0, Days=0
[2026-06-04T10:08:31.016Z] [Late-Dbg] User 99 Final: LateCount=0, Amt=0, Days=0
[2026-06-04T10:08:31.041Z] [Late-Dbg] User 100 Final: LateCount=0, Amt=0, Days=0
[2026-06-04T10:08:31.063Z] [Late-Dbg] User 101 Final: LateCount=0, Amt=0, Days=0
[2026-06-04T10:08:31.086Z] [Late-Dbg] User 102 Final: LateCount=0, Amt=0, Days=0
[2026-06-04T10:08:31.111Z] [Late-Dbg] User 103 Final: LateCount=0, Amt=0, Days=0
[2026-06-04T10:08:31.145Z] [Late-Dbg] User 104 Final: LateCount=0, Amt=0, Days=0
[2026-06-04T10:08:31.185Z] [Late-Dbg] User 105 Final: LateCount=0, Amt=0, Days=0
[2026-06-04T10:08:31.220Z] [Late-Dbg] User 106 Final: LateCount=0, Amt=0, Days=0
[2026-06-04T10:08:31.330Z] [Late-Dbg] User 107 Final: LateCount=0, Amt=0, Days=0
[2026-06-04T10:08:31.369Z] [Late-Dbg] User 108 Final: LateCount=0, Amt=0, Days=0
[2026-06-04T10:08:31.460Z] [Late-Dbg] User 109 Final: LateCount=1, Amt=0, Days=0
[2026-06-04T10:08:31.649Z] [Late-Dbg] User 182 Final: LateCount=1, Amt=30, Days=0.03
[2026-06-04T10:08:31.935Z] [Late-Dbg] User 185 Final: LateCount=0, Amt=0, Days=0
[2026-06-04T10:45:35.462Z] [Late-Dbg] User 57 Final: LateCount=8, Amt=0, Days=0
[Admin-Bonus] SKIP: User 57, Rule Active=true, RuleMonth=2026-04, TargetMonth=2026-05
[2026-06-04T10:45:35.804Z] [Late-Dbg] User 58 Final: LateCount=0, Amt=0, Days=0
[Admin-Bonus] SKIP: User 58, Rule Active=true, RuleMonth=2026-04, TargetMonth=2026-05
[2026-06-04T10:45:35.973Z] [Late-Dbg] User 59 Final: LateCount=2, Amt=1129.03, Days=1
[2026-06-04T10:45:36.255Z] [Late-Dbg] User 61 Final: LateCount=0, Amt=0, Days=0
[2026-06-04T10:45:36.374Z] [Late-Dbg] User 62 Final: LateCount=0, Amt=0, Days=0
[2026-06-04T10:45:36.497Z] [Late-Dbg] User 63 Final: LateCount=2, Amt=40, Days=0.04
[2026-06-04T10:45:36.624Z] [Late-Dbg] User 64 Final: LateCount=0, Amt=0, Days=0
[2026-06-04T10:45:36.725Z] [Late-Dbg] User 65 Final: LateCount=2, Amt=30, Days=0.03
[2026-06-04T10:45:36.889Z] [Late-Dbg] User 68 Final: LateCount=0, Amt=0, Days=0
[2026-06-04T10:45:37.187Z] [Late-Dbg] User 69 Final: LateCount=5, Amt=0, Days=0
[2026-06-04T10:45:37.852Z] [Late-Dbg] User 70 Final: LateCount=0, Amt=0, Days=0
[2026-06-04T10:45:37.905Z] [Late-Dbg] User 98 Final: LateCount=0, Amt=0, Days=0
[2026-06-04T10:45:37.960Z] [Late-Dbg] User 99 Final: LateCount=0, Amt=0, Days=0
[2026-06-04T10:45:38.013Z] [Late-Dbg] User 100 Final: LateCount=0, Amt=0, Days=0
[2026-06-04T10:45:38.069Z] [Late-Dbg] User 101 Final: LateCount=0, Amt=0, Days=0
[2026-06-04T10:45:38.122Z] [Late-Dbg] User 102 Final: LateCount=0, Amt=0, Days=0
[2026-06-04T10:45:38.176Z] [Late-Dbg] User 103 Final: LateCount=0, Amt=0, Days=0
[2026-06-04T10:45:38.249Z] [Late-Dbg] User 104 Final: LateCount=0, Amt=0, Days=0
[2026-06-04T10:45:38.343Z] [Late-Dbg] User 105 Final: LateCount=0, Amt=0, Days=0
[2026-06-04T10:45:38.418Z] [Late-Dbg] User 106 Final: LateCount=0, Amt=0, Days=0
[2026-06-04T10:45:38.537Z] [Late-Dbg] User 107 Final: LateCount=0, Amt=0, Days=0
[2026-06-04T10:45:38.628Z] [Late-Dbg] User 108 Final: LateCount=0, Amt=0, Days=0
[2026-06-04T10:45:38.812Z] [Late-Dbg] User 109 Final: LateCount=1, Amt=0, Days=0
[2026-06-04T10:45:39.267Z] [Late-Dbg] User 182 Final: LateCount=1, Amt=30, Days=0.03
[2026-06-04T10:45:39.923Z] [Late-Dbg] User 185 Final: LateCount=0, Amt=0, Days=0
[2026-06-04T10:46:28.673Z] [Late-Dbg] User 57 Final: LateCount=0, Amt=0, Days=0
[Admin-Bonus] SKIP: User 57, Rule Active=true, RuleMonth=2026-04, TargetMonth=2026-06
[2026-06-04T10:46:28.803Z] [Late-Dbg] User 58 Final: LateCount=0, Amt=0, Days=0
[Admin-Bonus] SKIP: User 58, Rule Active=true, RuleMonth=2026-04, TargetMonth=2026-06
[2026-06-04T10:46:28.937Z] [Late-Dbg] User 59 Final: LateCount=0, Amt=0, Days=0
[2026-06-04T10:46:28.978Z] [Late-Dbg] User 61 Final: LateCount=0, Amt=0, Days=0
[2026-06-04T10:46:29.021Z] [Late-Dbg] User 62 Final: LateCount=0, Amt=0, Days=0
[2026-06-04T10:46:29.061Z] [Late-Dbg] User 63 Final: LateCount=0, Amt=0, Days=0
[2026-06-04T10:46:29.102Z] [Late-Dbg] User 64 Final: LateCount=0, Amt=0, Days=0
[2026-06-04T10:46:29.144Z] [Late-Dbg] User 65 Final: LateCount=0, Amt=0, Days=0
[2026-06-04T10:46:29.191Z] [Late-Dbg] User 68 Final: LateCount=0, Amt=0, Days=0
[2026-06-04T10:46:29.276Z] [Late-Dbg] User 69 Final: LateCount=2, Amt=0, Days=0
[2026-06-04T10:46:29.408Z] [Late-Dbg] User 70 Final: LateCount=0, Amt=0, Days=0
[2026-06-04T10:46:29.451Z] [Late-Dbg] User 98 Final: LateCount=0, Amt=0, Days=0
[2026-06-04T10:46:29.493Z] [Late-Dbg] User 99 Final: LateCount=0, Amt=0, Days=0
[2026-06-04T10:46:29.547Z] [Late-Dbg] User 100 Final: LateCount=0, Amt=0, Days=0
[2026-06-04T10:46:29.591Z] [Late-Dbg] User 101 Final: LateCount=0, Amt=0, Days=0
[2026-06-04T10:46:29.628Z] [Late-Dbg] User 102 Final: LateCount=0, Amt=0, Days=0
[2026-06-04T10:46:29.671Z] [Late-Dbg] User 103 Final: LateCount=0, Amt=0, Days=0
[2026-06-04T10:46:29.720Z] [Late-Dbg] User 104 Final: LateCount=0, Amt=0, Days=0
[2026-06-04T10:46:29.772Z] [Late-Dbg] User 105 Final: LateCount=0, Amt=0, Days=0
[2026-06-04T10:46:29.828Z] [Late-Dbg] User 106 Final: LateCount=0, Amt=0, Days=0
[2026-06-04T10:46:29.888Z] [Late-Dbg] User 107 Final: LateCount=0, Amt=0, Days=0
[2026-06-04T10:46:29.938Z] [Late-Dbg] User 108 Final: LateCount=0, Amt=0, Days=0
[2026-06-04T10:46:29.994Z] [Late-Dbg] User 109 Final: LateCount=0, Amt=0, Days=0
[2026-06-04T10:46:30.067Z] [Late-Dbg] User 182 Final: LateCount=0, Amt=0, Days=0
[2026-06-04T10:46:30.174Z] [Late-Dbg] User 185 Final: LateCount=0, Amt=0, Days=0
[2026-06-04T10:46:32.933Z] [Late-Dbg] User 57 Final: LateCount=8, Amt=0, Days=0
[Admin-Bonus] SKIP: User 57, Rule Active=true, RuleMonth=2026-04, TargetMonth=2026-05
[2026-06-04T10:46:33.286Z] [Late-Dbg] User 58 Final: LateCount=0, Amt=0, Days=0
[Admin-Bonus] SKIP: User 58, Rule Active=true, RuleMonth=2026-04, TargetMonth=2026-05
[2026-06-04T10:46:33.437Z] [Late-Dbg] User 59 Final: LateCount=2, Amt=1129.03, Days=1
[2026-06-04T10:46:33.713Z] [Late-Dbg] User 61 Final: LateCount=0, Amt=0, Days=0
[2026-06-04T10:46:33.860Z] [Late-Dbg] User 62 Final: LateCount=0, Amt=0, Days=0
[2026-06-04T10:46:33.996Z] [Late-Dbg] User 63 Final: LateCount=2, Amt=40, Days=0.04
[2026-06-04T10:46:34.109Z] [Late-Dbg] User 64 Final: LateCount=0, Amt=0, Days=0
[2026-06-04T10:46:34.203Z] [Late-Dbg] User 65 Final: LateCount=2, Amt=30, Days=0.03
[2026-06-04T10:46:34.359Z] [Late-Dbg] User 68 Final: LateCount=0, Amt=0, Days=0
[2026-06-04T10:46:34.618Z] [Late-Dbg] User 69 Final: LateCount=5, Amt=0, Days=0
[2026-06-04T10:46:35.296Z] [Late-Dbg] User 70 Final: LateCount=0, Amt=0, Days=0
[2026-06-04T10:46:35.325Z] [Late-Dbg] User 98 Final: LateCount=0, Amt=0, Days=0
[2026-06-04T10:46:35.357Z] [Late-Dbg] User 99 Final: LateCount=0, Amt=0, Days=0
[2026-06-04T10:46:35.387Z] [Late-Dbg] User 100 Final: LateCount=0, Amt=0, Days=0
[2026-06-04T10:46:35.417Z] [Late-Dbg] User 101 Final: LateCount=0, Amt=0, Days=0
[2026-06-04T10:46:35.449Z] [Late-Dbg] User 102 Final: LateCount=0, Amt=0, Days=0
[2026-06-04T10:46:35.478Z] [Late-Dbg] User 103 Final: LateCount=0, Amt=0, Days=0
[2026-06-04T10:46:35.522Z] [Late-Dbg] User 104 Final: LateCount=0, Amt=0, Days=0
[2026-06-04T10:46:35.608Z] [Late-Dbg] User 105 Final: LateCount=0, Amt=0, Days=0
[2026-06-04T10:46:35.677Z] [Late-Dbg] User 106 Final: LateCount=0, Amt=0, Days=0
[2026-06-04T10:46:35.781Z] [Late-Dbg] User 107 Final: LateCount=0, Amt=0, Days=0
[2026-06-04T10:46:35.867Z] [Late-Dbg] User 108 Final: LateCount=0, Amt=0, Days=0
[2026-06-04T10:46:36.038Z] [Late-Dbg] User 109 Final: LateCount=1, Amt=0, Days=0
[2026-06-04T10:46:36.409Z] [Late-Dbg] User 182 Final: LateCount=1, Amt=30, Days=0.03
[2026-06-04T10:46:37.036Z] [Late-Dbg] User 185 Final: LateCount=0, Amt=0, Days=0
[2026-06-04T12:38:55.300Z] [Late-Dbg] User 57 Final: LateCount=8, Amt=0, Days=0
[Admin-Bonus] SKIP: User 57, Rule Active=true, RuleMonth=2026-04, TargetMonth=2026-05
[2026-06-04T12:38:55.601Z] [Late-Dbg] User 58 Final: LateCount=0, Amt=0, Days=0
[Admin-Bonus] SKIP: User 58, Rule Active=true, RuleMonth=2026-04, TargetMonth=2026-05
[2026-06-04T12:38:55.718Z] [Late-Dbg] User 59 Final: LateCount=2, Amt=1129.03, Days=1
[2026-06-04T12:38:55.930Z] [Late-Dbg] User 61 Final: LateCount=0, Amt=0, Days=0
[2026-06-04T12:38:56.012Z] [Late-Dbg] User 62 Final: LateCount=0, Amt=0, Days=0
[2026-06-04T12:38:56.106Z] [Late-Dbg] User 63 Final: LateCount=2, Amt=40, Days=0.04
[2026-06-04T12:38:56.194Z] [Late-Dbg] User 64 Final: LateCount=0, Amt=0, Days=0
[2026-06-04T12:38:56.269Z] [Late-Dbg] User 65 Final: LateCount=2, Amt=30, Days=0.03
[2026-06-04T12:38:56.360Z] [Late-Dbg] User 68 Final: LateCount=0, Amt=0, Days=0
[2026-06-04T12:38:56.530Z] [Late-Dbg] User 69 Final: LateCount=5, Amt=0, Days=0
[2026-06-04T12:38:56.951Z] [Late-Dbg] User 70 Final: LateCount=0, Amt=0, Days=0
[2026-06-04T12:38:56.990Z] [Late-Dbg] User 98 Final: LateCount=0, Amt=0, Days=0
[2026-06-04T12:38:57.049Z] [Late-Dbg] User 99 Final: LateCount=0, Amt=0, Days=0
[2026-06-04T12:38:57.103Z] [Late-Dbg] User 100 Final: LateCount=0, Amt=0, Days=0
[2026-06-04T12:38:57.158Z] [Late-Dbg] User 101 Final: LateCount=0, Amt=0, Days=0
[2026-06-04T12:38:57.215Z] [Late-Dbg] User 102 Final: LateCount=0, Amt=0, Days=0
[2026-06-04T12:38:57.273Z] [Late-Dbg] User 103 Final: LateCount=0, Amt=0, Days=0
[2026-06-04T12:38:57.336Z] [Late-Dbg] User 104 Final: LateCount=0, Amt=0, Days=0
[2026-06-04T12:38:57.417Z] [Late-Dbg] User 105 Final: LateCount=0, Amt=0, Days=0
[2026-06-04T12:38:57.482Z] [Late-Dbg] User 106 Final: LateCount=0, Amt=0, Days=0
[2026-06-04T12:38:57.577Z] [Late-Dbg] User 107 Final: LateCount=0, Amt=0, Days=0
[2026-06-04T12:38:57.667Z] [Late-Dbg] User 108 Final: LateCount=0, Amt=0, Days=0
[2026-06-04T12:38:57.857Z] [Late-Dbg] User 109 Final: LateCount=1, Amt=0, Days=0
[2026-06-04T12:38:58.292Z] [Late-Dbg] User 182 Final: LateCount=1, Amt=30, Days=0.03
[2026-06-04T12:38:59.127Z] [Late-Dbg] User 185 Final: LateCount=0, Amt=0, Days=0
[2026-06-05T08:07:19.992Z] [Late-Dbg] User 57 Final: LateCount=8, Amt=0, Days=0
[Admin-Bonus] SKIP: User 57, Rule Active=true, RuleMonth=2026-04, TargetMonth=2026-05
[2026-06-05T08:07:20.444Z] [Late-Dbg] User 58 Final: LateCount=0, Amt=0, Days=0
[Admin-Bonus] SKIP: User 58, Rule Active=true, RuleMonth=2026-04, TargetMonth=2026-05
[2026-06-05T08:07:20.616Z] [Late-Dbg] User 59 Final: LateCount=2, Amt=1129.03, Days=1
[2026-06-05T08:07:20.908Z] [Late-Dbg] User 61 Final: LateCount=0, Amt=0, Days=0
[2026-06-05T08:07:20.992Z] [Late-Dbg] User 62 Final: LateCount=0, Amt=0, Days=0
[2026-06-05T08:07:21.104Z] [Late-Dbg] User 63 Final: LateCount=2, Amt=40, Days=0.04
[2026-06-05T08:07:21.305Z] [Late-Dbg] User 64 Final: LateCount=0, Amt=0, Days=0
[2026-06-05T08:07:21.479Z] [Late-Dbg] User 65 Final: LateCount=2, Amt=30, Days=0.03
[2026-06-05T08:07:21.763Z] [Late-Dbg] User 68 Final: LateCount=0, Amt=0, Days=0
[2026-06-05T08:07:22.218Z] [Late-Dbg] User 69 Final: LateCount=5, Amt=0, Days=0
[2026-06-05T08:07:23.127Z] [Late-Dbg] User 70 Final: LateCount=0, Amt=0, Days=0
[2026-06-05T08:07:23.172Z] [Late-Dbg] User 98 Final: LateCount=0, Amt=0, Days=0
[2026-06-05T08:07:23.220Z] [Late-Dbg] User 99 Final: LateCount=0, Amt=0, Days=0
[2026-06-05T08:07:23.265Z] [Late-Dbg] User 100 Final: LateCount=0, Amt=0, Days=0
[2026-06-05T08:07:23.312Z] [Late-Dbg] User 101 Final: LateCount=0, Amt=0, Days=0
[2026-06-05T08:07:23.358Z] [Late-Dbg] User 102 Final: LateCount=0, Amt=0, Days=0
[2026-06-05T08:07:23.405Z] [Late-Dbg] User 103 Final: LateCount=0, Amt=0, Days=0
[2026-06-05T08:07:23.473Z] [Late-Dbg] User 104 Final: LateCount=0, Amt=0, Days=0
[2026-06-05T08:07:23.552Z] [Late-Dbg] User 105 Final: LateCount=0, Amt=0, Days=0
[2026-06-05T08:07:23.604Z] [Late-Dbg] User 106 Final: LateCount=0, Amt=0, Days=0
[2026-06-05T08:07:23.687Z] [Late-Dbg] User 107 Final: LateCount=0, Amt=0, Days=0
[2026-06-05T08:07:23.753Z] [Late-Dbg] User 108 Final: LateCount=0, Amt=0, Days=0
[2026-06-05T08:07:23.906Z] [Late-Dbg] User 109 Final: LateCount=1, Amt=0, Days=0
[2026-06-05T08:07:24.254Z] [Late-Dbg] User 182 Final: LateCount=1, Amt=30, Days=0.03
[2026-06-05T08:07:24.738Z] [Late-Dbg] User 185 Final: LateCount=0, Amt=0, Days=0
[2026-06-05T08:16:13.174Z] [Late-Dbg] User 57 Final: LateCount=3, Amt=0, Days=0
[Admin-Bonus] SKIP: User 57, Rule Active=true, RuleMonth=2026-04, TargetMonth=2026-05
[2026-06-05T08:16:13.605Z] [Late-Dbg] User 58 Final: LateCount=0, Amt=0, Days=0
[Admin-Bonus] SKIP: User 58, Rule Active=true, RuleMonth=2026-04, TargetMonth=2026-05
[2026-06-05T08:16:13.733Z] [Late-Dbg] User 59 Final: LateCount=2, Amt=1129.03, Days=1
[2026-06-05T08:16:13.933Z] [Late-Dbg] User 61 Final: LateCount=0, Amt=0, Days=0
[2026-06-05T08:16:14.099Z] [Late-Dbg] User 62 Final: LateCount=0, Amt=0, Days=0
[2026-06-05T08:16:14.199Z] [Late-Dbg] User 63 Final: LateCount=2, Amt=40, Days=0.04
[2026-06-05T08:16:14.299Z] [Late-Dbg] User 64 Final: LateCount=0, Amt=0, Days=0
[2026-06-05T08:16:14.385Z] [Late-Dbg] User 65 Final: LateCount=2, Amt=30, Days=0.03
[2026-06-05T08:16:14.528Z] [Late-Dbg] User 68 Final: LateCount=0, Amt=0, Days=0
[2026-06-05T08:16:14.717Z] [Late-Dbg] User 69 Final: LateCount=5, Amt=0, Days=0
[2026-06-05T08:16:15.219Z] [Late-Dbg] User 70 Final: LateCount=0, Amt=0, Days=0
[2026-06-05T08:16:15.260Z] [Late-Dbg] User 98 Final: LateCount=0, Amt=0, Days=0
[2026-06-05T08:16:15.299Z] [Late-Dbg] User 99 Final: LateCount=0, Amt=0, Days=0
[2026-06-05T08:16:15.341Z] [Late-Dbg] User 100 Final: LateCount=0, Amt=0, Days=0
[2026-06-05T08:16:15.379Z] [Late-Dbg] User 101 Final: LateCount=0, Amt=0, Days=0
[2026-06-05T08:16:15.414Z] [Late-Dbg] User 102 Final: LateCount=0, Amt=0, Days=0
[2026-06-05T08:16:15.454Z] [Late-Dbg] User 103 Final: LateCount=0, Amt=0, Days=0
[2026-06-05T08:16:15.516Z] [Late-Dbg] User 104 Final: LateCount=0, Amt=0, Days=0
[2026-06-05T08:16:15.585Z] [Late-Dbg] User 105 Final: LateCount=0, Amt=0, Days=0
[2026-06-05T08:16:15.629Z] [Late-Dbg] User 106 Final: LateCount=0, Amt=0, Days=0
[2026-06-05T08:16:15.691Z] [Late-Dbg] User 107 Final: LateCount=0, Amt=0, Days=0
[2026-06-05T08:16:15.753Z] [Late-Dbg] User 108 Final: LateCount=0, Amt=0, Days=0
[2026-06-05T08:16:15.873Z] [Late-Dbg] User 109 Final: LateCount=1, Amt=0, Days=0
[2026-06-05T08:16:16.285Z] [Late-Dbg] User 182 Final: LateCount=1, Amt=30, Days=0.03
[2026-06-05T08:16:17.275Z] [Late-Dbg] User 185 Final: LateCount=0, Amt=0, Days=0
[2026-06-05T08:20:38.820Z] [Late-Dbg] User 57 Final: LateCount=3, Amt=0, Days=0
[Admin-Bonus] SKIP: User 57, Rule Active=true, RuleMonth=2026-04, TargetMonth=2026-05
[2026-06-05T08:20:39.201Z] [Late-Dbg] User 58 Final: LateCount=0, Amt=0, Days=0
[Admin-Bonus] SKIP: User 58, Rule Active=true, RuleMonth=2026-04, TargetMonth=2026-05
[2026-06-05T08:20:39.332Z] [Late-Dbg] User 59 Final: LateCount=2, Amt=1129.03, Days=1
[2026-06-05T08:20:39.670Z] [Late-Dbg] User 61 Final: LateCount=0, Amt=0, Days=0
[2026-06-05T08:20:39.766Z] [Late-Dbg] User 62 Final: LateCount=0, Amt=0, Days=0
[2026-06-05T08:20:39.864Z] [Late-Dbg] User 63 Final: LateCount=2, Amt=40, Days=0.04
[2026-06-05T08:20:39.956Z] [Late-Dbg] User 64 Final: LateCount=0, Amt=0, Days=0
[2026-06-05T08:20:40.028Z] [Late-Dbg] User 65 Final: LateCount=2, Amt=30, Days=0.03
[2026-06-05T08:20:40.136Z] [Late-Dbg] User 68 Final: LateCount=0, Amt=0, Days=0
[2026-06-05T08:20:40.329Z] [Late-Dbg] User 69 Final: LateCount=5, Amt=0, Days=0
[2026-06-05T08:20:40.848Z] [Late-Dbg] User 70 Final: LateCount=0, Amt=0, Days=0
[2026-06-05T08:20:40.888Z] [Late-Dbg] User 98 Final: LateCount=0, Amt=0, Days=0
[2026-06-05T08:20:40.926Z] [Late-Dbg] User 99 Final: LateCount=0, Amt=0, Days=0
[2026-06-05T08:20:40.961Z] [Late-Dbg] User 100 Final: LateCount=0, Amt=0, Days=0
[2026-06-05T08:20:41.001Z] [Late-Dbg] User 101 Final: LateCount=0, Amt=0, Days=0
[2026-06-05T08:20:41.046Z] [Late-Dbg] User 102 Final: LateCount=0, Amt=0, Days=0
[2026-06-05T08:20:41.080Z] [Late-Dbg] User 103 Final: LateCount=0, Amt=0, Days=0
[2026-06-05T08:20:41.127Z] [Late-Dbg] User 104 Final: LateCount=0, Amt=0, Days=0
[2026-06-05T08:20:41.195Z] [Late-Dbg] User 105 Final: LateCount=0, Amt=0, Days=0
[2026-06-05T08:20:41.244Z] [Late-Dbg] User 106 Final: LateCount=0, Amt=0, Days=0
[2026-06-05T08:20:41.312Z] [Late-Dbg] User 107 Final: LateCount=0, Amt=0, Days=0
[2026-06-05T08:20:41.366Z] [Late-Dbg] User 108 Final: LateCount=0, Amt=0, Days=0
[2026-06-05T08:20:41.483Z] [Late-Dbg] User 109 Final: LateCount=1, Amt=0, Days=0
[2026-06-05T08:20:41.730Z] [Late-Dbg] User 182 Final: LateCount=1, Amt=30, Days=0.03
[2026-06-05T08:20:42.229Z] [Late-Dbg] User 185 Final: LateCount=0, Amt=0, Days=0
[2026-06-05T12:55:57.313Z] [Late-Dbg] User 57 Final: LateCount=0, Amt=0, Days=0
[Admin-Bonus] SKIP: User 57, Rule Active=true, RuleMonth=2026-04, TargetMonth=2026-06
[2026-06-05T12:55:57.412Z] [Late-Dbg] User 58 Final: LateCount=0, Amt=0, Days=0
[Admin-Bonus] SKIP: User 58, Rule Active=true, RuleMonth=2026-04, TargetMonth=2026-06
[2026-06-05T12:55:57.517Z] [Late-Dbg] User 59 Final: LateCount=0, Amt=0, Days=0
[2026-06-05T12:55:57.566Z] [Late-Dbg] User 61 Final: LateCount=0, Amt=0, Days=0
[2026-06-05T12:55:57.602Z] [Late-Dbg] User 62 Final: LateCount=0, Amt=0, Days=0
[2026-06-05T12:55:57.640Z] [Late-Dbg] User 63 Final: LateCount=0, Amt=0, Days=0
[2026-06-05T12:55:57.692Z] [Late-Dbg] User 64 Final: LateCount=0, Amt=0, Days=0
[2026-06-05T12:55:57.754Z] [Late-Dbg] User 65 Final: LateCount=0, Amt=0, Days=0
[2026-06-05T12:55:57.819Z] [Late-Dbg] User 68 Final: LateCount=0, Amt=0, Days=0
[2026-06-05T12:55:57.932Z] [Late-Dbg] User 69 Final: LateCount=2, Amt=0, Days=0
[2026-06-05T12:55:58.089Z] [Late-Dbg] User 70 Final: LateCount=0, Amt=0, Days=0
[2026-06-05T12:55:58.130Z] [Late-Dbg] User 98 Final: LateCount=0, Amt=0, Days=0
[2026-06-05T12:55:58.171Z] [Late-Dbg] User 99 Final: LateCount=0, Amt=0, Days=0
[2026-06-05T12:55:58.217Z] [Late-Dbg] User 100 Final: LateCount=0, Amt=0, Days=0
[2026-06-05T12:55:58.264Z] [Late-Dbg] User 101 Final: LateCount=0, Amt=0, Days=0
[2026-06-05T12:55:58.310Z] [Late-Dbg] User 102 Final: LateCount=0, Amt=0, Days=0
[2026-06-05T12:55:58.359Z] [Late-Dbg] User 103 Final: LateCount=0, Amt=0, Days=0
[2026-06-05T12:55:58.412Z] [Late-Dbg] User 104 Final: LateCount=0, Amt=0, Days=0
[2026-06-05T12:55:58.459Z] [Late-Dbg] User 105 Final: LateCount=0, Amt=0, Days=0
[2026-06-05T12:55:58.505Z] [Late-Dbg] User 106 Final: LateCount=0, Amt=0, Days=0
[2026-06-05T12:55:58.554Z] [Late-Dbg] User 107 Final: LateCount=0, Amt=0, Days=0
[2026-06-05T12:55:58.600Z] [Late-Dbg] User 108 Final: LateCount=0, Amt=0, Days=0
[2026-06-05T12:55:58.652Z] [Late-Dbg] User 109 Final: LateCount=0, Amt=0, Days=0
[2026-06-05T12:55:58.721Z] [Late-Dbg] User 182 Final: LateCount=0, Amt=0, Days=0
[2026-06-05T12:55:58.838Z] [Late-Dbg] User 185 Final: LateCount=0, Amt=0, Days=0
[2026-06-05T12:55:59.093Z] [Late-Dbg] User 186 Final: LateCount=0, Amt=0, Days=0
[2026-06-08T11:59:12.772Z] [User 57] calculateSalary (Existing): lpResult: {"latePunchInMinutes":0,"latePunchInPenalty":0,"latePenaltyDays":0,"lateCount":0,"lateDetails":[]}
